{"/Users/michaelcorrigan/Code/joy_kit/example/src/app.tsx": {"path":"/Users/michaelcorrigan/Code/joy_kit/example/src/app.tsx","statementMap":{"0":{"start":{"line":1,"column":13},"end":{"line":1,"column":42}},"1":{"start":{"line":1,"column":42},"end":{"line":1,"column":55}},"2":{"start":{"line":2,"column":0},"end":{"line":2,"column":62}},"3":{"start":{"line":3,"column":12},"end":{"line":3,"column":28}},"4":{"start":{"line":4,"column":15},"end":{"line":4,"column":35}},"5":{"start":{"line":5,"column":25},"end":{"line":5,"column":52}},"6":{"start":{"line":6,"column":23},"end":{"line":6,"column":50}},"7":{"start":{"line":7,"column":13},"end":{"line":10,"column":1}},"8":{"start":{"line":8,"column":4},"end":{"line":9,"column":76}},"9":{"start":{"line":11,"column":0},"end":{"line":11,"column":40}},"10":{"start":{"line":12,"column":0},"end":{"line":16,"column":1}},"11":{"start":{"line":13,"column":4},"end":{"line":15,"column":7}},"12":{"start":{"line":14,"column":8},"end":{"line":14,"column":48}}},"fnMap":{"0":{"name":"(anonymous_0)","decl":{"start":{"line":7,"column":13},"end":{"line":7,"column":14}},"loc":{"start":{"line":7,"column":34},"end":{"line":10,"column":1}},"line":7},"1":{"name":"(anonymous_1)","decl":{"start":{"line":13,"column":22},"end":{"line":13,"column":23}},"loc":{"start":{"line":13,"column":34},"end":{"line":15,"column":5}},"line":13}},"branchMap":{"0":{"loc":{"start":{"line":12,"column":0},"end":{"line":16,"column":1}},"type":"if","locations":[{"start":{"line":12,"column":0},"end":{"line":16,"column":1}},{"start":{"line":12,"column":0},"end":{"line":16,"column":1}}],"line":12}},"s":{"0":0,"1":0,"2":0,"3":0,"4":0,"5":0,"6":0,"7":0,"8":0,"9":0,"10":0,"11":0,"12":0},"f":{"0":0,"1":0},"b":{"0":[0,0]}}
,"/Users/michaelcorrigan/Code/joy_kit/example/src/joykitExamples.tsx": {"path":"/Users/michaelcorrigan/Code/joy_kit/example/src/joykitExamples.tsx","statementMap":{"0":{"start":{"line":1,"column":13},"end":{"line":1,"column":42}},"1":{"start":{"line":1,"column":42},"end":{"line":1,"column":55}},"2":{"start":{"line":2,"column":16},"end":{"line":11,"column":3}},"3":{"start":{"line":3,"column":24},"end":{"line":5,"column":76}},"4":{"start":{"line":4,"column":59},"end":{"line":4,"column":75}},"5":{"start":{"line":5,"column":21},"end":{"line":5,"column":75}},"6":{"start":{"line":5,"column":38},"end":{"line":5,"column":75}},"7":{"start":{"line":5,"column":63},"end":{"line":5,"column":75}},"8":{"start":{"line":6,"column":4},"end":{"line":10,"column":6}},"9":{"start":{"line":7,"column":8},"end":{"line":7,"column":28}},"10":{"start":{"line":8,"column":23},"end":{"line":8,"column":44}},"11":{"start":{"line":9,"column":8},"end":{"line":9,"column":93}},"12":{"start":{"line":12,"column":15},"end":{"line":19,"column":1}},"13":{"start":{"line":13,"column":4},"end":{"line":17,"column":5}},"14":{"start":{"line":14,"column":8},"end":{"line":14,"column":25}},"15":{"start":{"line":15,"column":8},"end":{"line":16,"column":20}},"16":{"start":{"line":15,"column":25},"end":{"line":16,"column":20}},"17":{"start":{"line":16,"column":8},"end":{"line":16,"column":20}},"18":{"start":{"line":18,"column":4},"end":{"line":18,"column":13}},"19":{"start":{"line":20,"column":0},"end":{"line":20,"column":62}},"20":{"start":{"line":21,"column":12},"end":{"line":21,"column":28}},"21":{"start":{"line":22,"column":15},"end":{"line":22,"column":32}},"22":{"start":{"line":23,"column":0},"end":{"line":23,"column":24}},"23":{"start":{"line":24,"column":15},"end":{"line":24,"column":49}},"24":{"start":{"line":25,"column":20},"end":{"line":31,"column":27}},"25":{"start":{"line":33,"column":23},"end":{"line":37,"column":23}},"26":{"start":{"line":39,"column":21},"end":{"line":62,"column":18}},"27":{"start":{"line":40,"column":4},"end":{"line":40,"column":38}},"28":{"start":{"line":42,"column":8},"end":{"line":42,"column":48}},"29":{"start":{"line":44,"column":4},"end":{"line":60,"column":6}},"30":{"start":{"line":45,"column":8},"end":{"line":59,"column":52}},"31":{"start":{"line":61,"column":4},"end":{"line":61,"column":26}},"32":{"start":{"line":63,"column":0},"end":{"line":63,"column":40}},"33":{"start":{"line":64,"column":17},"end":{"line":67,"column":26}},"34":{"start":{"line":69,"column":12},"end":{"line":72,"column":1}},"35":{"start":{"line":70,"column":19},"end":{"line":70,"column":30}},"36":{"start":{"line":71,"column":4},"end":{"line":71,"column":74}}},"fnMap":{"0":{"name":"(anonymous_0)","decl":{"start":{"line":2,"column":42},"end":{"line":2,"column":43}},"loc":{"start":{"line":2,"column":54},"end":{"line":11,"column":1}},"line":2},"1":{"name":"(anonymous_1)","decl":{"start":{"line":4,"column":42},"end":{"line":4,"column":43}},"loc":{"start":{"line":4,"column":58},"end":{"line":4,"column":76}},"line":4},"2":{"name":"(anonymous_2)","decl":{"start":{"line":5,"column":4},"end":{"line":5,"column":5}},"loc":{"start":{"line":5,"column":20},"end":{"line":5,"column":76}},"line":5},"3":{"name":"(anonymous_3)","decl":{"start":{"line":6,"column":11},"end":{"line":6,"column":12}},"loc":{"start":{"line":6,"column":27},"end":{"line":10,"column":5}},"line":6},"4":{"name":"__","decl":{"start":{"line":8,"column":17},"end":{"line":8,"column":19}},"loc":{"start":{"line":8,"column":22},"end":{"line":8,"column":45}},"line":8},"5":{"name":"(anonymous_5)","decl":{"start":{"line":12,"column":57},"end":{"line":12,"column":58}},"loc":{"start":{"line":12,"column":70},"end":{"line":19,"column":1}},"line":12},"6":{"name":"(anonymous_6)","decl":{"start":{"line":39,"column":21},"end":{"line":39,"column":22}},"loc":{"start":{"line":39,"column":39},"end":{"line":62,"column":1}},"line":39},"7":{"name":"JoyKitExamples","decl":{"start":{"line":41,"column":13},"end":{"line":41,"column":27}},"loc":{"start":{"line":41,"column":35},"end":{"line":43,"column":5}},"line":41},"8":{"name":"(anonymous_8)","decl":{"start":{"line":44,"column":38},"end":{"line":44,"column":39}},"loc":{"start":{"line":44,"column":50},"end":{"line":60,"column":5}},"line":44},"9":{"name":"(anonymous_9)","decl":{"start":{"line":69,"column":12},"end":{"line":69,"column":13}},"loc":{"start":{"line":69,"column":26},"end":{"line":72,"column":1}},"line":69}},"branchMap":{"0":{"loc":{"start":{"line":2,"column":16},"end":{"line":11,"column":3}},"type":"binary-expr","locations":[{"start":{"line":2,"column":16},"end":{"line":2,"column":20}},{"start":{"line":2,"column":24},"end":{"line":2,"column":38}},{"start":{"line":2,"column":42},"end":{"line":11,"column":3}}],"line":2},"1":{"loc":{"start":{"line":3,"column":24},"end":{"line":5,"column":76}},"type":"binary-expr","locations":[{"start":{"line":3,"column":24},"end":{"line":3,"column":45}},{"start":{"line":4,"column":4},"end":{"line":4,"column":38}},{"start":{"line":4,"column":42},"end":{"line":4,"column":76}},{"start":{"line":5,"column":4},"end":{"line":5,"column":76}}],"line":3},"2":{"loc":{"start":{"line":5,"column":38},"end":{"line":5,"column":75}},"type":"if","locations":[{"start":{"line":5,"column":38},"end":{"line":5,"column":75}},{"start":{"line":5,"column":38},"end":{"line":5,"column":75}}],"line":5},"3":{"loc":{"start":{"line":9,"column":22},"end":{"line":9,"column":92}},"type":"cond-expr","locations":[{"start":{"line":9,"column":35},"end":{"line":9,"column":51}},{"start":{"line":9,"column":55},"end":{"line":9,"column":91}}],"line":9},"4":{"loc":{"start":{"line":12,"column":15},"end":{"line":19,"column":1}},"type":"binary-expr","locations":[{"start":{"line":12,"column":15},"end":{"line":12,"column":19}},{"start":{"line":12,"column":23},"end":{"line":12,"column":36}},{"start":{"line":12,"column":40},"end":{"line":12,"column":53}},{"start":{"line":12,"column":57},"end":{"line":19,"column":1}}],"line":12},"5":{"loc":{"start":{"line":15,"column":25},"end":{"line":16,"column":20}},"type":"if","locations":[{"start":{"line":15,"column":25},"end":{"line":16,"column":20}},{"start":{"line":15,"column":25},"end":{"line":16,"column":20}}],"line":15},"6":{"loc":{"start":{"line":42,"column":15},"end":{"line":42,"column":47}},"type":"binary-expr","locations":[{"start":{"line":42,"column":15},"end":{"line":42,"column":39}},{"start":{"line":42,"column":43},"end":{"line":42,"column":47}}],"line":42}},"s":{"0":0,"1":0,"2":0,"3":0,"4":0,"5":0,"6":0,"7":0,"8":0,"9":0,"10":0,"11":0,"12":0,"13":0,"14":0,"15":0,"16":0,"17":0,"18":0,"19":0,"20":0,"21":0,"22":0,"23":0,"24":0,"25":0,"26":0,"27":0,"28":0,"29":0,"30":0,"31":0,"32":0,"33":0,"34":0,"35":0,"36":0},"f":{"0":0,"1":0,"2":0,"3":0,"4":0,"5":0,"6":0,"7":0,"8":0,"9":0},"b":{"0":[0,0,0],"1":[0,0,0,0],"2":[0,0],"3":[0,0],"4":[0,0,0,0],"5":[0,0],"6":[0,0]}}
,"/Users/michaelcorrigan/Code/joy_kit/example/src/components/SyntaxHighlight.tsx": {"path":"/Users/michaelcorrigan/Code/joy_kit/example/src/components/SyntaxHighlight.tsx","statementMap":{"0":{"start":{"line":1,"column":13},"end":{"line":1,"column":42}},"1":{"start":{"line":1,"column":42},"end":{"line":1,"column":55}},"2":{"start":{"line":2,"column":16},"end":{"line":11,"column":3}},"3":{"start":{"line":3,"column":24},"end":{"line":5,"column":76}},"4":{"start":{"line":4,"column":59},"end":{"line":4,"column":75}},"5":{"start":{"line":5,"column":21},"end":{"line":5,"column":75}},"6":{"start":{"line":5,"column":38},"end":{"line":5,"column":75}},"7":{"start":{"line":5,"column":63},"end":{"line":5,"column":75}},"8":{"start":{"line":6,"column":4},"end":{"line":10,"column":6}},"9":{"start":{"line":7,"column":8},"end":{"line":7,"column":28}},"10":{"start":{"line":8,"column":23},"end":{"line":8,"column":44}},"11":{"start":{"line":9,"column":8},"end":{"line":9,"column":93}},"12":{"start":{"line":12,"column":0},"end":{"line":12,"column":62}},"13":{"start":{"line":13,"column":0},"end":{"line":13,"column":58}},"14":{"start":{"line":14,"column":0},"end":{"line":14,"column":72}},"15":{"start":{"line":15,"column":12},"end":{"line":15,"column":30}},"16":{"start":{"line":16,"column":0},"end":{"line":16,"column":40}},"17":{"start":{"line":17,"column":12},"end":{"line":17,"column":28}},"18":{"start":{"line":18,"column":22},"end":{"line":31,"column":18}},"19":{"start":{"line":19,"column":4},"end":{"line":19,"column":39}},"20":{"start":{"line":21,"column":8},"end":{"line":21,"column":48}},"21":{"start":{"line":23,"column":4},"end":{"line":25,"column":6}},"22":{"start":{"line":24,"column":8},"end":{"line":24,"column":29}},"23":{"start":{"line":26,"column":4},"end":{"line":29,"column":6}},"24":{"start":{"line":27,"column":8},"end":{"line":28,"column":107}},"25":{"start":{"line":30,"column":4},"end":{"line":30,"column":27}},"26":{"start":{"line":32,"column":0},"end":{"line":32,"column":42}}},"fnMap":{"0":{"name":"(anonymous_0)","decl":{"start":{"line":2,"column":42},"end":{"line":2,"column":43}},"loc":{"start":{"line":2,"column":54},"end":{"line":11,"column":1}},"line":2},"1":{"name":"(anonymous_1)","decl":{"start":{"line":4,"column":42},"end":{"line":4,"column":43}},"loc":{"start":{"line":4,"column":58},"end":{"line":4,"column":76}},"line":4},"2":{"name":"(anonymous_2)","decl":{"start":{"line":5,"column":4},"end":{"line":5,"column":5}},"loc":{"start":{"line":5,"column":20},"end":{"line":5,"column":76}},"line":5},"3":{"name":"(anonymous_3)","decl":{"start":{"line":6,"column":11},"end":{"line":6,"column":12}},"loc":{"start":{"line":6,"column":27},"end":{"line":10,"column":5}},"line":6},"4":{"name":"__","decl":{"start":{"line":8,"column":17},"end":{"line":8,"column":19}},"loc":{"start":{"line":8,"column":22},"end":{"line":8,"column":45}},"line":8},"5":{"name":"(anonymous_5)","decl":{"start":{"line":18,"column":22},"end":{"line":18,"column":23}},"loc":{"start":{"line":18,"column":40},"end":{"line":31,"column":1}},"line":18},"6":{"name":"SyntaxHighlight","decl":{"start":{"line":20,"column":13},"end":{"line":20,"column":28}},"loc":{"start":{"line":20,"column":36},"end":{"line":22,"column":5}},"line":20},"7":{"name":"(anonymous_7)","decl":{"start":{"line":23,"column":50},"end":{"line":23,"column":51}},"loc":{"start":{"line":23,"column":62},"end":{"line":25,"column":5}},"line":23},"8":{"name":"(anonymous_8)","decl":{"start":{"line":26,"column":39},"end":{"line":26,"column":40}},"loc":{"start":{"line":26,"column":51},"end":{"line":29,"column":5}},"line":26}},"branchMap":{"0":{"loc":{"start":{"line":2,"column":16},"end":{"line":11,"column":3}},"type":"binary-expr","locations":[{"start":{"line":2,"column":16},"end":{"line":2,"column":20}},{"start":{"line":2,"column":24},"end":{"line":2,"column":38}},{"start":{"line":2,"column":42},"end":{"line":11,"column":3}}],"line":2},"1":{"loc":{"start":{"line":3,"column":24},"end":{"line":5,"column":76}},"type":"binary-expr","locations":[{"start":{"line":3,"column":24},"end":{"line":3,"column":45}},{"start":{"line":4,"column":4},"end":{"line":4,"column":38}},{"start":{"line":4,"column":42},"end":{"line":4,"column":76}},{"start":{"line":5,"column":4},"end":{"line":5,"column":76}}],"line":3},"2":{"loc":{"start":{"line":5,"column":38},"end":{"line":5,"column":75}},"type":"if","locations":[{"start":{"line":5,"column":38},"end":{"line":5,"column":75}},{"start":{"line":5,"column":38},"end":{"line":5,"column":75}}],"line":5},"3":{"loc":{"start":{"line":9,"column":22},"end":{"line":9,"column":92}},"type":"cond-expr","locations":[{"start":{"line":9,"column":35},"end":{"line":9,"column":51}},{"start":{"line":9,"column":55},"end":{"line":9,"column":91}}],"line":9},"4":{"loc":{"start":{"line":21,"column":15},"end":{"line":21,"column":47}},"type":"binary-expr","locations":[{"start":{"line":21,"column":15},"end":{"line":21,"column":39}},{"start":{"line":21,"column":43},"end":{"line":21,"column":47}}],"line":21}},"s":{"0":0,"1":0,"2":0,"3":0,"4":0,"5":0,"6":0,"7":0,"8":0,"9":0,"10":0,"11":0,"12":0,"13":0,"14":0,"15":0,"16":0,"17":0,"18":0,"19":0,"20":0,"21":0,"22":0,"23":0,"24":0,"25":0,"26":0},"f":{"0":0,"1":0,"2":0,"3":0,"4":0,"5":0,"6":0,"7":0,"8":0},"b":{"0":[0,0,0],"1":[0,0,0,0],"2":[0,0],"3":[0,0],"4":[0,0]}}
,"/Users/michaelcorrigan/Code/joy_kit/example/src/examples/Buttons.tsx": {"path":"/Users/michaelcorrigan/Code/joy_kit/example/src/examples/Buttons.tsx","statementMap":{"0":{"start":{"line":1,"column":13},"end":{"line":1,"column":42}},"1":{"start":{"line":1,"column":42},"end":{"line":1,"column":55}},"2":{"start":{"line":2,"column":16},"end":{"line":11,"column":3}},"3":{"start":{"line":3,"column":24},"end":{"line":5,"column":76}},"4":{"start":{"line":4,"column":59},"end":{"line":4,"column":75}},"5":{"start":{"line":5,"column":21},"end":{"line":5,"column":75}},"6":{"start":{"line":5,"column":38},"end":{"line":5,"column":75}},"7":{"start":{"line":5,"column":63},"end":{"line":5,"column":75}},"8":{"start":{"line":6,"column":4},"end":{"line":10,"column":6}},"9":{"start":{"line":7,"column":8},"end":{"line":7,"column":28}},"10":{"start":{"line":8,"column":23},"end":{"line":8,"column":44}},"11":{"start":{"line":9,"column":8},"end":{"line":9,"column":93}},"12":{"start":{"line":12,"column":15},"end":{"line":19,"column":1}},"13":{"start":{"line":13,"column":4},"end":{"line":17,"column":5}},"14":{"start":{"line":14,"column":8},"end":{"line":14,"column":25}},"15":{"start":{"line":15,"column":8},"end":{"line":16,"column":20}},"16":{"start":{"line":15,"column":25},"end":{"line":16,"column":20}},"17":{"start":{"line":16,"column":8},"end":{"line":16,"column":20}},"18":{"start":{"line":18,"column":4},"end":{"line":18,"column":13}},"19":{"start":{"line":20,"column":0},"end":{"line":20,"column":62}},"20":{"start":{"line":21,"column":12},"end":{"line":21,"column":28}},"21":{"start":{"line":22,"column":24},"end":{"line":22,"column":64}},"22":{"start":{"line":23,"column":12},"end":{"line":23,"column":35}},"23":{"start":{"line":24,"column":15},"end":{"line":24,"column":32}},"24":{"start":{"line":25,"column":25},"end":{"line":28,"column":23}},"25":{"start":{"line":30,"column":18},"end":{"line":31,"column":36}},"26":{"start":{"line":33,"column":27},"end":{"line":37,"column":30}},"27":{"start":{"line":39,"column":17},"end":{"line":41,"column":27}},"28":{"start":{"line":43,"column":18},"end":{"line":44,"column":30}},"29":{"start":{"line":46,"column":30},"end":{"line":47,"column":24}},"30":{"start":{"line":49,"column":21},"end":{"line":51,"column":1}},"31":{"start":{"line":50,"column":4},"end":{"line":50,"column":118}},"32":{"start":{"line":52,"column":18},"end":{"line":59,"column":20}},"33":{"start":{"line":61,"column":21},"end":{"line":90,"column":18}},"34":{"start":{"line":62,"column":4},"end":{"line":62,"column":38}},"35":{"start":{"line":64,"column":8},"end":{"line":64,"column":48}},"36":{"start":{"line":66,"column":4},"end":{"line":77,"column":6}},"37":{"start":{"line":67,"column":8},"end":{"line":76,"column":11}},"38":{"start":{"line":68,"column":23},"end":{"line":68,"column":30}},"39":{"start":{"line":69,"column":23},"end":{"line":69,"column":67}},"40":{"start":{"line":70,"column":12},"end":{"line":75,"column":127}},"41":{"start":{"line":74,"column":88},"end":{"line":74,"column":113}},"42":{"start":{"line":78,"column":4},"end":{"line":88,"column":6}},"43":{"start":{"line":79,"column":8},"end":{"line":87,"column":274}},"44":{"start":{"line":86,"column":123},"end":{"line":86,"column":148}},"45":{"start":{"line":89,"column":4},"end":{"line":89,"column":26}},"46":{"start":{"line":91,"column":0},"end":{"line":91,"column":40}}},"fnMap":{"0":{"name":"(anonymous_0)","decl":{"start":{"line":2,"column":42},"end":{"line":2,"column":43}},"loc":{"start":{"line":2,"column":54},"end":{"line":11,"column":1}},"line":2},"1":{"name":"(anonymous_1)","decl":{"start":{"line":4,"column":42},"end":{"line":4,"column":43}},"loc":{"start":{"line":4,"column":58},"end":{"line":4,"column":76}},"line":4},"2":{"name":"(anonymous_2)","decl":{"start":{"line":5,"column":4},"end":{"line":5,"column":5}},"loc":{"start":{"line":5,"column":20},"end":{"line":5,"column":76}},"line":5},"3":{"name":"(anonymous_3)","decl":{"start":{"line":6,"column":11},"end":{"line":6,"column":12}},"loc":{"start":{"line":6,"column":27},"end":{"line":10,"column":5}},"line":6},"4":{"name":"__","decl":{"start":{"line":8,"column":17},"end":{"line":8,"column":19}},"loc":{"start":{"line":8,"column":22},"end":{"line":8,"column":45}},"line":8},"5":{"name":"(anonymous_5)","decl":{"start":{"line":12,"column":57},"end":{"line":12,"column":58}},"loc":{"start":{"line":12,"column":70},"end":{"line":19,"column":1}},"line":12},"6":{"name":"(anonymous_6)","decl":{"start":{"line":49,"column":21},"end":{"line":49,"column":22}},"loc":{"start":{"line":49,"column":43},"end":{"line":51,"column":1}},"line":49},"7":{"name":"(anonymous_7)","decl":{"start":{"line":61,"column":21},"end":{"line":61,"column":22}},"loc":{"start":{"line":61,"column":39},"end":{"line":90,"column":1}},"line":61},"8":{"name":"ButtonExamples","decl":{"start":{"line":63,"column":13},"end":{"line":63,"column":27}},"loc":{"start":{"line":63,"column":35},"end":{"line":65,"column":5}},"line":63},"9":{"name":"(anonymous_9)","decl":{"start":{"line":66,"column":50},"end":{"line":66,"column":51}},"loc":{"start":{"line":66,"column":62},"end":{"line":77,"column":5}},"line":66},"10":{"name":"(anonymous_10)","decl":{"start":{"line":67,"column":31},"end":{"line":67,"column":32}},"loc":{"start":{"line":67,"column":45},"end":{"line":76,"column":9}},"line":67},"11":{"name":"(anonymous_11)","decl":{"start":{"line":74,"column":75},"end":{"line":74,"column":76}},"loc":{"start":{"line":74,"column":87},"end":{"line":74,"column":114}},"line":74},"12":{"name":"(anonymous_12)","decl":{"start":{"line":78,"column":38},"end":{"line":78,"column":39}},"loc":{"start":{"line":78,"column":50},"end":{"line":88,"column":5}},"line":78},"13":{"name":"(anonymous_13)","decl":{"start":{"line":86,"column":110},"end":{"line":86,"column":111}},"loc":{"start":{"line":86,"column":122},"end":{"line":86,"column":149}},"line":86}},"branchMap":{"0":{"loc":{"start":{"line":2,"column":16},"end":{"line":11,"column":3}},"type":"binary-expr","locations":[{"start":{"line":2,"column":16},"end":{"line":2,"column":20}},{"start":{"line":2,"column":24},"end":{"line":2,"column":38}},{"start":{"line":2,"column":42},"end":{"line":11,"column":3}}],"line":2},"1":{"loc":{"start":{"line":3,"column":24},"end":{"line":5,"column":76}},"type":"binary-expr","locations":[{"start":{"line":3,"column":24},"end":{"line":3,"column":45}},{"start":{"line":4,"column":4},"end":{"line":4,"column":38}},{"start":{"line":4,"column":42},"end":{"line":4,"column":76}},{"start":{"line":5,"column":4},"end":{"line":5,"column":76}}],"line":3},"2":{"loc":{"start":{"line":5,"column":38},"end":{"line":5,"column":75}},"type":"if","locations":[{"start":{"line":5,"column":38},"end":{"line":5,"column":75}},{"start":{"line":5,"column":38},"end":{"line":5,"column":75}}],"line":5},"3":{"loc":{"start":{"line":9,"column":22},"end":{"line":9,"column":92}},"type":"cond-expr","locations":[{"start":{"line":9,"column":35},"end":{"line":9,"column":51}},{"start":{"line":9,"column":55},"end":{"line":9,"column":91}}],"line":9},"4":{"loc":{"start":{"line":12,"column":15},"end":{"line":19,"column":1}},"type":"binary-expr","locations":[{"start":{"line":12,"column":15},"end":{"line":12,"column":19}},{"start":{"line":12,"column":23},"end":{"line":12,"column":36}},{"start":{"line":12,"column":40},"end":{"line":12,"column":53}},{"start":{"line":12,"column":57},"end":{"line":19,"column":1}}],"line":12},"5":{"loc":{"start":{"line":15,"column":25},"end":{"line":16,"column":20}},"type":"if","locations":[{"start":{"line":15,"column":25},"end":{"line":16,"column":20}},{"start":{"line":15,"column":25},"end":{"line":16,"column":20}}],"line":15},"6":{"loc":{"start":{"line":64,"column":15},"end":{"line":64,"column":47}},"type":"binary-expr","locations":[{"start":{"line":64,"column":15},"end":{"line":64,"column":39}},{"start":{"line":64,"column":43},"end":{"line":64,"column":47}}],"line":64}},"s":{"0":0,"1":0,"2":0,"3":0,"4":0,"5":0,"6":0,"7":0,"8":0,"9":0,"10":0,"11":0,"12":0,"13":0,"14":0,"15":0,"16":0,"17":0,"18":0,"19":0,"20":0,"21":0,"22":0,"23":0,"24":0,"25":0,"26":0,"27":0,"28":0,"29":0,"30":0,"31":0,"32":0,"33":0,"34":0,"35":0,"36":0,"37":0,"38":0,"39":0,"40":0,"41":0,"42":0,"43":0,"44":0,"45":0,"46":0},"f":{"0":0,"1":0,"2":0,"3":0,"4":0,"5":0,"6":0,"7":0,"8":0,"9":0,"10":0,"11":0,"12":0,"13":0},"b":{"0":[0,0,0],"1":[0,0,0,0],"2":[0,0],"3":[0,0],"4":[0,0,0,0],"5":[0,0],"6":[0,0]}}
,"/Users/michaelcorrigan/Code/joy_kit/example/src/examples/PanelExample.tsx": {"path":"/Users/michaelcorrigan/Code/joy_kit/example/src/examples/PanelExample.tsx","statementMap":{"0":{"start":{"line":1,"column":13},"end":{"line":1,"column":42}},"1":{"start":{"line":1,"column":42},"end":{"line":1,"column":55}},"2":{"start":{"line":2,"column":16},"end":{"line":11,"column":3}},"3":{"start":{"line":3,"column":24},"end":{"line":5,"column":76}},"4":{"start":{"line":4,"column":59},"end":{"line":4,"column":75}},"5":{"start":{"line":5,"column":21},"end":{"line":5,"column":75}},"6":{"start":{"line":5,"column":38},"end":{"line":5,"column":75}},"7":{"start":{"line":5,"column":63},"end":{"line":5,"column":75}},"8":{"start":{"line":6,"column":4},"end":{"line":10,"column":6}},"9":{"start":{"line":7,"column":8},"end":{"line":7,"column":28}},"10":{"start":{"line":8,"column":23},"end":{"line":8,"column":44}},"11":{"start":{"line":9,"column":8},"end":{"line":9,"column":93}},"12":{"start":{"line":12,"column":0},"end":{"line":12,"column":62}},"13":{"start":{"line":13,"column":12},"end":{"line":13,"column":28}},"14":{"start":{"line":14,"column":20},"end":{"line":30,"column":18}},"15":{"start":{"line":15,"column":4},"end":{"line":15,"column":37}},"16":{"start":{"line":17,"column":20},"end":{"line":17,"column":52}},"17":{"start":{"line":18,"column":8},"end":{"line":19,"column":26}},"18":{"start":{"line":21,"column":8},"end":{"line":23,"column":17}},"19":{"start":{"line":22,"column":12},"end":{"line":22,"column":43}},"20":{"start":{"line":24,"column":8},"end":{"line":24,"column":21}},"21":{"start":{"line":26,"column":4},"end":{"line":28,"column":6}},"22":{"start":{"line":27,"column":8},"end":{"line":27,"column":100}},"23":{"start":{"line":29,"column":4},"end":{"line":29,"column":25}},"24":{"start":{"line":31,"column":0},"end":{"line":31,"column":38}}},"fnMap":{"0":{"name":"(anonymous_0)","decl":{"start":{"line":2,"column":42},"end":{"line":2,"column":43}},"loc":{"start":{"line":2,"column":54},"end":{"line":11,"column":1}},"line":2},"1":{"name":"(anonymous_1)","decl":{"start":{"line":4,"column":42},"end":{"line":4,"column":43}},"loc":{"start":{"line":4,"column":58},"end":{"line":4,"column":76}},"line":4},"2":{"name":"(anonymous_2)","decl":{"start":{"line":5,"column":4},"end":{"line":5,"column":5}},"loc":{"start":{"line":5,"column":20},"end":{"line":5,"column":76}},"line":5},"3":{"name":"(anonymous_3)","decl":{"start":{"line":6,"column":11},"end":{"line":6,"column":12}},"loc":{"start":{"line":6,"column":27},"end":{"line":10,"column":5}},"line":6},"4":{"name":"__","decl":{"start":{"line":8,"column":17},"end":{"line":8,"column":19}},"loc":{"start":{"line":8,"column":22},"end":{"line":8,"column":45}},"line":8},"5":{"name":"(anonymous_5)","decl":{"start":{"line":14,"column":20},"end":{"line":14,"column":21}},"loc":{"start":{"line":14,"column":38},"end":{"line":30,"column":1}},"line":14},"6":{"name":"PanelExamples","decl":{"start":{"line":16,"column":13},"end":{"line":16,"column":26}},"loc":{"start":{"line":16,"column":34},"end":{"line":25,"column":5}},"line":16},"7":{"name":"(anonymous_7)","decl":{"start":{"line":21,"column":19},"end":{"line":21,"column":20}},"loc":{"start":{"line":21,"column":31},"end":{"line":23,"column":9}},"line":21},"8":{"name":"(anonymous_8)","decl":{"start":{"line":26,"column":37},"end":{"line":26,"column":38}},"loc":{"start":{"line":26,"column":49},"end":{"line":28,"column":5}},"line":26}},"branchMap":{"0":{"loc":{"start":{"line":2,"column":16},"end":{"line":11,"column":3}},"type":"binary-expr","locations":[{"start":{"line":2,"column":16},"end":{"line":2,"column":20}},{"start":{"line":2,"column":24},"end":{"line":2,"column":38}},{"start":{"line":2,"column":42},"end":{"line":11,"column":3}}],"line":2},"1":{"loc":{"start":{"line":3,"column":24},"end":{"line":5,"column":76}},"type":"binary-expr","locations":[{"start":{"line":3,"column":24},"end":{"line":3,"column":45}},{"start":{"line":4,"column":4},"end":{"line":4,"column":38}},{"start":{"line":4,"column":42},"end":{"line":4,"column":76}},{"start":{"line":5,"column":4},"end":{"line":5,"column":76}}],"line":3},"2":{"loc":{"start":{"line":5,"column":38},"end":{"line":5,"column":75}},"type":"if","locations":[{"start":{"line":5,"column":38},"end":{"line":5,"column":75}},{"start":{"line":5,"column":38},"end":{"line":5,"column":75}}],"line":5},"3":{"loc":{"start":{"line":9,"column":22},"end":{"line":9,"column":92}},"type":"cond-expr","locations":[{"start":{"line":9,"column":35},"end":{"line":9,"column":51}},{"start":{"line":9,"column":55},"end":{"line":9,"column":91}}],"line":9},"4":{"loc":{"start":{"line":17,"column":20},"end":{"line":17,"column":52}},"type":"binary-expr","locations":[{"start":{"line":17,"column":20},"end":{"line":17,"column":44}},{"start":{"line":17,"column":48},"end":{"line":17,"column":52}}],"line":17}},"s":{"0":0,"1":0,"2":0,"3":0,"4":0,"5":0,"6":0,"7":0,"8":0,"9":0,"10":0,"11":0,"12":0,"13":0,"14":0,"15":0,"16":0,"17":0,"18":0,"19":0,"20":0,"21":0,"22":0,"23":0,"24":0},"f":{"0":0,"1":0,"2":0,"3":0,"4":0,"5":0,"6":0,"7":0,"8":0},"b":{"0":[0,0,0],"1":[0,0,0,0],"2":[0,0],"3":[0,0],"4":[0,0]}}
,"/Users/michaelcorrigan/Code/joy_kit/src/index.ts": {"path":"/Users/michaelcorrigan/Code/joy_kit/src/index.ts","statementMap":{"0":{"start":{"line":1,"column":13},"end":{"line":1,"column":42}},"1":{"start":{"line":1,"column":42},"end":{"line":1,"column":55}},"2":{"start":{"line":2,"column":0},"end":{"line":2,"column":62}},"3":{"start":{"line":3,"column":19},"end":{"line":3,"column":42}},"4":{"start":{"line":4,"column":0},"end":{"line":4,"column":49}},"5":{"start":{"line":5,"column":0},"end":{"line":5,"column":37}},"6":{"start":{"line":6,"column":0},"end":{"line":6,"column":45}},"7":{"start":{"line":7,"column":0},"end":{"line":7,"column":41}},"8":{"start":{"line":8,"column":0},"end":{"line":8,"column":45}},"9":{"start":{"line":9,"column":0},"end":{"line":9,"column":43}},"10":{"start":{"line":10,"column":0},"end":{"line":10,"column":35}},"11":{"start":{"line":11,"column":0},"end":{"line":11,"column":35}},"12":{"start":{"line":12,"column":0},"end":{"line":12,"column":51}},"13":{"start":{"line":13,"column":0},"end":{"line":13,"column":47}},"14":{"start":{"line":14,"column":0},"end":{"line":14,"column":53}},"15":{"start":{"line":15,"column":0},"end":{"line":15,"column":53}},"16":{"start":{"line":16,"column":0},"end":{"line":16,"column":49}},"17":{"start":{"line":17,"column":0},"end":{"line":17,"column":49}},"18":{"start":{"line":18,"column":0},"end":{"line":18,"column":39}},"19":{"start":{"line":19,"column":0},"end":{"line":19,"column":37}},"20":{"start":{"line":20,"column":18},"end":{"line":20,"column":47}},"21":{"start":{"line":21,"column":0},"end":{"line":21,"column":36}},"22":{"start":{"line":22,"column":0},"end":{"line":22,"column":32}},"23":{"start":{"line":23,"column":13},"end":{"line":23,"column":30}},"24":{"start":{"line":24,"column":0},"end":{"line":24,"column":35}},"25":{"start":{"line":25,"column":0},"end":{"line":25,"column":47}},"26":{"start":{"line":26,"column":0},"end":{"line":26,"column":29}},"27":{"start":{"line":27,"column":0},"end":{"line":27,"column":37}},"28":{"start":{"line":28,"column":0},"end":{"line":28,"column":37}},"29":{"start":{"line":29,"column":0},"end":{"line":29,"column":45}},"30":{"start":{"line":30,"column":0},"end":{"line":30,"column":31}}},"fnMap":{},"branchMap":{},"s":{"0":0,"1":0,"2":0,"3":0,"4":0,"5":0,"6":0,"7":0,"8":0,"9":0,"10":0,"11":0,"12":0,"13":0,"14":0,"15":0,"16":0,"17":0,"18":0,"19":0,"20":0,"21":0,"22":0,"23":0,"24":0,"25":0,"26":0,"27":0,"28":0,"29":0,"30":0},"f":{},"b":{}}
,"/Users/michaelcorrigan/Code/joy_kit/src/components/index.ts": {"path":"/Users/michaelcorrigan/Code/joy_kit/src/components/index.ts","statementMap":{"0":{"start":{"line":1,"column":13},"end":{"line":1,"column":42}},"1":{"start":{"line":1,"column":42},"end":{"line":1,"column":55}},"2":{"start":{"line":2,"column":0},"end":{"line":2,"column":62}},"3":{"start":{"line":3,"column":21},"end":{"line":3,"column":59}},"4":{"start":{"line":4,"column":0},"end":{"line":4,"column":51}},"5":{"start":{"line":5,"column":15},"end":{"line":5,"column":41}},"6":{"start":{"line":6,"column":0},"end":{"line":6,"column":33}},"7":{"start":{"line":7,"column":0},"end":{"line":7,"column":41}},"8":{"start":{"line":8,"column":19},"end":{"line":8,"column":53}},"9":{"start":{"line":9,"column":0},"end":{"line":9,"column":45}},"10":{"start":{"line":10,"column":17},"end":{"line":10,"column":47}},"11":{"start":{"line":11,"column":0},"end":{"line":11,"column":39}},"12":{"start":{"line":12,"column":18},"end":{"line":12,"column":46}},"13":{"start":{"line":13,"column":0},"end":{"line":13,"column":42}},"14":{"start":{"line":14,"column":14},"end":{"line":14,"column":38}},"15":{"start":{"line":15,"column":0},"end":{"line":15,"column":30}},"16":{"start":{"line":16,"column":14},"end":{"line":16,"column":38}},"17":{"start":{"line":17,"column":0},"end":{"line":17,"column":30}},"18":{"start":{"line":18,"column":22},"end":{"line":18,"column":54}},"19":{"start":{"line":19,"column":0},"end":{"line":19,"column":54}},"20":{"start":{"line":20,"column":20},"end":{"line":20,"column":50}},"21":{"start":{"line":21,"column":0},"end":{"line":21,"column":48}},"22":{"start":{"line":22,"column":23},"end":{"line":22,"column":66}},"23":{"start":{"line":23,"column":0},"end":{"line":23,"column":57}},"24":{"start":{"line":24,"column":23},"end":{"line":24,"column":60}},"25":{"start":{"line":25,"column":0},"end":{"line":25,"column":57}},"26":{"start":{"line":26,"column":21},"end":{"line":26,"column":56}},"27":{"start":{"line":27,"column":0},"end":{"line":27,"column":51}},"28":{"start":{"line":28,"column":21},"end":{"line":28,"column":60}},"29":{"start":{"line":29,"column":0},"end":{"line":29,"column":51}},"30":{"start":{"line":30,"column":16},"end":{"line":30,"column":44}},"31":{"start":{"line":31,"column":0},"end":{"line":31,"column":36}},"32":{"start":{"line":32,"column":15},"end":{"line":32,"column":41}},"33":{"start":{"line":33,"column":0},"end":{"line":33,"column":33}}},"fnMap":{},"branchMap":{},"s":{"0":0,"1":0,"2":0,"3":0,"4":0,"5":0,"6":0,"7":0,"8":0,"9":0,"10":0,"11":0,"12":0,"13":0,"14":0,"15":0,"16":0,"17":0,"18":0,"19":0,"20":0,"21":0,"22":0,"23":0,"24":0,"25":0,"26":0,"27":0,"28":0,"29":0,"30":0,"31":0,"32":0,"33":0},"f":{},"b":{}}
,"/Users/michaelcorrigan/Code/joy_kit/src/components/actionHeader/ActionHeader.tsx": {"path":"/Users/michaelcorrigan/Code/joy_kit/src/components/actionHeader/ActionHeader.tsx","statementMap":{"0":{"start":{"line":1,"column":13},"end":{"line":1,"column":42}},"1":{"start":{"line":1,"column":42},"end":{"line":1,"column":55}},"2":{"start":{"line":2,"column":15},"end":{"line":9,"column":1}},"3":{"start":{"line":3,"column":4},"end":{"line":7,"column":5}},"4":{"start":{"line":4,"column":8},"end":{"line":4,"column":25}},"5":{"start":{"line":5,"column":8},"end":{"line":6,"column":20}},"6":{"start":{"line":5,"column":25},"end":{"line":6,"column":20}},"7":{"start":{"line":6,"column":8},"end":{"line":6,"column":20}},"8":{"start":{"line":8,"column":4},"end":{"line":8,"column":13}},"9":{"start":{"line":10,"column":0},"end":{"line":10,"column":62}},"10":{"start":{"line":11,"column":12},"end":{"line":11,"column":28}},"11":{"start":{"line":12,"column":15},"end":{"line":12,"column":32}},"12":{"start":{"line":13,"column":24},"end":{"line":15,"column":34}},"13":{"start":{"line":18,"column":17},"end":{"line":19,"column":24}},"14":{"start":{"line":21,"column":20},"end":{"line":23,"column":23}},"15":{"start":{"line":25,"column":0},"end":{"line":32,"column":2}},"16":{"start":{"line":26,"column":16},"end":{"line":26,"column":24}},"17":{"start":{"line":26,"column":39},"end":{"line":26,"column":53}},"18":{"start":{"line":26,"column":65},"end":{"line":26,"column":76}},"19":{"start":{"line":27,"column":4},"end":{"line":31,"column":48}}},"fnMap":{"0":{"name":"(anonymous_0)","decl":{"start":{"line":2,"column":57},"end":{"line":2,"column":58}},"loc":{"start":{"line":2,"column":70},"end":{"line":9,"column":1}},"line":2},"1":{"name":"(anonymous_1)","decl":{"start":{"line":25,"column":23},"end":{"line":25,"column":24}},"loc":{"start":{"line":25,"column":37},"end":{"line":32,"column":1}},"line":25}},"branchMap":{"0":{"loc":{"start":{"line":2,"column":15},"end":{"line":9,"column":1}},"type":"binary-expr","locations":[{"start":{"line":2,"column":15},"end":{"line":2,"column":19}},{"start":{"line":2,"column":23},"end":{"line":2,"column":36}},{"start":{"line":2,"column":40},"end":{"line":2,"column":53}},{"start":{"line":2,"column":57},"end":{"line":9,"column":1}}],"line":2},"1":{"loc":{"start":{"line":5,"column":25},"end":{"line":6,"column":20}},"type":"if","locations":[{"start":{"line":5,"column":25},"end":{"line":6,"column":20}},{"start":{"line":5,"column":25},"end":{"line":6,"column":20}}],"line":5}},"s":{"0":0,"1":0,"2":0,"3":0,"4":0,"5":0,"6":0,"7":0,"8":0,"9":0,"10":0,"11":0,"12":0,"13":0,"14":0,"15":0,"16":0,"17":0,"18":0,"19":0},"f":{"0":0,"1":0},"b":{"0":[0,0,0,0],"1":[0,0]}}
,"/Users/michaelcorrigan/Code/joy_kit/src/components/button/Button.tsx": {"path":"/Users/michaelcorrigan/Code/joy_kit/src/components/button/Button.tsx","statementMap":{"0":{"start":{"line":1,"column":13},"end":{"line":1,"column":42}},"1":{"start":{"line":1,"column":42},"end":{"line":1,"column":55}},"2":{"start":{"line":2,"column":15},"end":{"line":9,"column":1}},"3":{"start":{"line":3,"column":4},"end":{"line":7,"column":5}},"4":{"start":{"line":4,"column":8},"end":{"line":4,"column":25}},"5":{"start":{"line":5,"column":8},"end":{"line":6,"column":20}},"6":{"start":{"line":5,"column":25},"end":{"line":6,"column":20}},"7":{"start":{"line":6,"column":8},"end":{"line":6,"column":20}},"8":{"start":{"line":8,"column":4},"end":{"line":8,"column":13}},"9":{"start":{"line":10,"column":0},"end":{"line":10,"column":62}},"10":{"start":{"line":11,"column":12},"end":{"line":11,"column":28}},"11":{"start":{"line":12,"column":15},"end":{"line":12,"column":32}},"12":{"start":{"line":13,"column":18},"end":{"line":13,"column":51}},"13":{"start":{"line":14,"column":18},"end":{"line":94,"column":40}},"14":{"start":{"line":98,"column":20},"end":{"line":115,"column":1}},"15":{"start":{"line":99,"column":4},"end":{"line":114,"column":9}},"16":{"start":{"line":116,"column":16},"end":{"line":123,"column":1}},"17":{"start":{"line":117,"column":4},"end":{"line":122,"column":9}},"18":{"start":{"line":124,"column":22},"end":{"line":131,"column":1}},"19":{"start":{"line":125,"column":4},"end":{"line":130,"column":9}},"20":{"start":{"line":132,"column":20},"end":{"line":140,"column":1}},"21":{"start":{"line":133,"column":4},"end":{"line":138,"column":31}},"22":{"start":{"line":141,"column":23},"end":{"line":171,"column":1}},"23":{"start":{"line":142,"column":4},"end":{"line":170,"column":35}},"24":{"start":{"line":172,"column":0},"end":{"line":177,"column":2}},"25":{"start":{"line":173,"column":19},"end":{"line":173,"column":30}},"26":{"start":{"line":173,"column":47},"end":{"line":173,"column":63}},"27":{"start":{"line":173,"column":71},"end":{"line":173,"column":78}},"28":{"start":{"line":173,"column":84},"end":{"line":173,"column":96}},"29":{"start":{"line":173,"column":109},"end":{"line":173,"column":134}},"30":{"start":{"line":173,"column":140},"end":{"line":173,"column":151}},"31":{"start":{"line":173,"column":163},"end":{"line":173,"column":189}},"32":{"start":{"line":173,"column":195},"end":{"line":173,"column":212}},"33":{"start":{"line":173,"column":230},"end":{"line":173,"column":256}},"34":{"start":{"line":173,"column":264},"end":{"line":173,"column":271}},"35":{"start":{"line":173,"column":298},"end":{"line":173,"column":324}},"36":{"start":{"line":173,"column":341},"end":{"line":173,"column":357}},"37":{"start":{"line":173,"column":374},"end":{"line":173,"column":390}},"38":{"start":{"line":174,"column":4},"end":{"line":176,"column":14}}},"fnMap":{"0":{"name":"(anonymous_0)","decl":{"start":{"line":2,"column":57},"end":{"line":2,"column":58}},"loc":{"start":{"line":2,"column":70},"end":{"line":9,"column":1}},"line":2},"1":{"name":"(anonymous_1)","decl":{"start":{"line":98,"column":20},"end":{"line":98,"column":21}},"loc":{"start":{"line":98,"column":46},"end":{"line":115,"column":1}},"line":98},"2":{"name":"(anonymous_2)","decl":{"start":{"line":116,"column":16},"end":{"line":116,"column":17}},"loc":{"start":{"line":116,"column":44},"end":{"line":123,"column":1}},"line":116},"3":{"name":"(anonymous_3)","decl":{"start":{"line":124,"column":22},"end":{"line":124,"column":23}},"loc":{"start":{"line":124,"column":44},"end":{"line":131,"column":1}},"line":124},"4":{"name":"(anonymous_4)","decl":{"start":{"line":132,"column":20},"end":{"line":132,"column":21}},"loc":{"start":{"line":132,"column":42},"end":{"line":140,"column":1}},"line":132},"5":{"name":"(anonymous_5)","decl":{"start":{"line":141,"column":23},"end":{"line":141,"column":24}},"loc":{"start":{"line":141,"column":134},"end":{"line":171,"column":1}},"line":141},"6":{"name":"(anonymous_6)","decl":{"start":{"line":172,"column":17},"end":{"line":172,"column":18}},"loc":{"start":{"line":172,"column":31},"end":{"line":177,"column":1}},"line":172}},"branchMap":{"0":{"loc":{"start":{"line":2,"column":15},"end":{"line":9,"column":1}},"type":"binary-expr","locations":[{"start":{"line":2,"column":15},"end":{"line":2,"column":19}},{"start":{"line":2,"column":23},"end":{"line":2,"column":36}},{"start":{"line":2,"column":40},"end":{"line":2,"column":53}},{"start":{"line":2,"column":57},"end":{"line":9,"column":1}}],"line":2},"1":{"loc":{"start":{"line":5,"column":25},"end":{"line":6,"column":20}},"type":"if","locations":[{"start":{"line":5,"column":25},"end":{"line":6,"column":20}},{"start":{"line":5,"column":25},"end":{"line":6,"column":20}}],"line":5},"2":{"loc":{"start":{"line":99,"column":11},"end":{"line":114,"column":8}},"type":"cond-expr","locations":[{"start":{"line":100,"column":4},"end":{"line":112,"column":31}},{"start":{"line":114,"column":4},"end":{"line":114,"column":8}}],"line":99},"3":{"loc":{"start":{"line":102,"column":25},"end":{"line":102,"column":61}},"type":"cond-expr","locations":[{"start":{"line":102,"column":43},"end":{"line":102,"column":52}},{"start":{"line":102,"column":55},"end":{"line":102,"column":61}}],"line":102},"4":{"loc":{"start":{"line":106,"column":29},"end":{"line":106,"column":65}},"type":"cond-expr","locations":[{"start":{"line":106,"column":47},"end":{"line":106,"column":56}},{"start":{"line":106,"column":59},"end":{"line":106,"column":65}}],"line":106},"5":{"loc":{"start":{"line":117,"column":11},"end":{"line":122,"column":8}},"type":"cond-expr","locations":[{"start":{"line":118,"column":4},"end":{"line":120,"column":48}},{"start":{"line":122,"column":4},"end":{"line":122,"column":8}}],"line":117},"6":{"loc":{"start":{"line":119,"column":21},"end":{"line":119,"column":46}},"type":"cond-expr","locations":[{"start":{"line":119,"column":34},"end":{"line":119,"column":37}},{"start":{"line":119,"column":40},"end":{"line":119,"column":46}}],"line":119},"7":{"loc":{"start":{"line":120,"column":21},"end":{"line":120,"column":46}},"type":"cond-expr","locations":[{"start":{"line":120,"column":34},"end":{"line":120,"column":37}},{"start":{"line":120,"column":40},"end":{"line":120,"column":46}}],"line":120},"8":{"loc":{"start":{"line":125,"column":11},"end":{"line":130,"column":8}},"type":"cond-expr","locations":[{"start":{"line":126,"column":4},"end":{"line":128,"column":24}},{"start":{"line":130,"column":4},"end":{"line":130,"column":8}}],"line":125},"9":{"loc":{"start":{"line":133,"column":11},"end":{"line":138,"column":30}},"type":"cond-expr","locations":[{"start":{"line":134,"column":4},"end":{"line":135,"column":27}},{"start":{"line":137,"column":4},"end":{"line":138,"column":30}}],"line":133},"10":{"loc":{"start":{"line":142,"column":60},"end":{"line":142,"column":90}},"type":"cond-expr","locations":[{"start":{"line":142,"column":72},"end":{"line":142,"column":83}},{"start":{"line":142,"column":86},"end":{"line":142,"column":90}}],"line":142},"11":{"loc":{"start":{"line":148,"column":16},"end":{"line":148,"column":45}},"type":"binary-expr","locations":[{"start":{"line":148,"column":16},"end":{"line":148,"column":31}},{"start":{"line":148,"column":35},"end":{"line":148,"column":45}}],"line":148},"12":{"loc":{"start":{"line":159,"column":25},"end":{"line":159,"column":81}},"type":"cond-expr","locations":[{"start":{"line":159,"column":51},"end":{"line":159,"column":74}},{"start":{"line":159,"column":77},"end":{"line":159,"column":81}}],"line":159},"13":{"loc":{"start":{"line":160,"column":18},"end":{"line":168,"column":12}},"type":"cond-expr","locations":[{"start":{"line":161,"column":8},"end":{"line":166,"column":46}},{"start":{"line":168,"column":8},"end":{"line":168,"column":12}}],"line":160},"14":{"loc":{"start":{"line":169,"column":15},"end":{"line":169,"column":51}},"type":"cond-expr","locations":[{"start":{"line":169,"column":31},"end":{"line":169,"column":44}},{"start":{"line":169,"column":47},"end":{"line":169,"column":51}}],"line":169},"15":{"loc":{"start":{"line":173,"column":109},"end":{"line":173,"column":134}},"type":"cond-expr","locations":[{"start":{"line":173,"column":125},"end":{"line":173,"column":129}},{"start":{"line":173,"column":132},"end":{"line":173,"column":134}}],"line":173},"16":{"loc":{"start":{"line":173,"column":163},"end":{"line":173,"column":189}},"type":"cond-expr","locations":[{"start":{"line":173,"column":179},"end":{"line":173,"column":184}},{"start":{"line":173,"column":187},"end":{"line":173,"column":189}}],"line":173},"17":{"loc":{"start":{"line":173,"column":230},"end":{"line":173,"column":256}},"type":"cond-expr","locations":[{"start":{"line":173,"column":246},"end":{"line":173,"column":251}},{"start":{"line":173,"column":254},"end":{"line":173,"column":256}}],"line":173},"18":{"loc":{"start":{"line":174,"column":91},"end":{"line":174,"column":115}},"type":"cond-expr","locations":[{"start":{"line":174,"column":98},"end":{"line":174,"column":102}},{"start":{"line":174,"column":105},"end":{"line":174,"column":115}}],"line":174},"19":{"loc":{"start":{"line":175,"column":4},"end":{"line":175,"column":110}},"type":"cond-expr","locations":[{"start":{"line":175,"column":11},"end":{"line":175,"column":103}},{"start":{"line":175,"column":106},"end":{"line":175,"column":110}}],"line":175}},"s":{"0":0,"1":0,"2":0,"3":0,"4":0,"5":0,"6":0,"7":0,"8":0,"9":0,"10":0,"11":0,"12":0,"13":0,"14":0,"15":0,"16":0,"17":0,"18":0,"19":0,"20":0,"21":0,"22":0,"23":0,"24":0,"25":0,"26":0,"27":0,"28":0,"29":0,"30":0,"31":0,"32":0,"33":0,"34":0,"35":0,"36":0,"37":0,"38":0},"f":{"0":0,"1":0,"2":0,"3":0,"4":0,"5":0,"6":0},"b":{"0":[0,0,0,0],"1":[0,0],"2":[0,0],"3":[0,0],"4":[0,0],"5":[0,0],"6":[0,0],"7":[0,0],"8":[0,0],"9":[0,0],"10":[0,0],"11":[0,0],"12":[0,0],"13":[0,0],"14":[0,0],"15":[0,0],"16":[0,0],"17":[0,0],"18":[0,0],"19":[0,0]}}
,"/Users/michaelcorrigan/Code/joy_kit/src/components/commandBar/CommandBar.tsx": {"path":"/Users/michaelcorrigan/Code/joy_kit/src/components/commandBar/CommandBar.tsx","statementMap":{"0":{"start":{"line":1,"column":13},"end":{"line":1,"column":42}},"1":{"start":{"line":1,"column":42},"end":{"line":1,"column":55}},"2":{"start":{"line":2,"column":15},"end":{"line":9,"column":1}},"3":{"start":{"line":3,"column":4},"end":{"line":7,"column":5}},"4":{"start":{"line":4,"column":8},"end":{"line":4,"column":25}},"5":{"start":{"line":5,"column":8},"end":{"line":6,"column":20}},"6":{"start":{"line":5,"column":25},"end":{"line":6,"column":20}},"7":{"start":{"line":6,"column":8},"end":{"line":6,"column":20}},"8":{"start":{"line":8,"column":4},"end":{"line":8,"column":13}},"9":{"start":{"line":10,"column":0},"end":{"line":10,"column":62}},"10":{"start":{"line":11,"column":12},"end":{"line":11,"column":28}},"11":{"start":{"line":12,"column":15},"end":{"line":12,"column":32}},"12":{"start":{"line":13,"column":18},"end":{"line":13,"column":51}},"13":{"start":{"line":14,"column":26},"end":{"line":14,"column":56}},"14":{"start":{"line":15,"column":22},"end":{"line":21,"column":21}},"15":{"start":{"line":23,"column":17},"end":{"line":27,"column":27}},"16":{"start":{"line":29,"column":15},"end":{"line":31,"column":29}},"17":{"start":{"line":34,"column":18},"end":{"line":36,"column":16}},"18":{"start":{"line":38,"column":21},"end":{"line":46,"column":1}},"19":{"start":{"line":39,"column":4},"end":{"line":44,"column":5}},"20":{"start":{"line":40,"column":8},"end":{"line":43,"column":11}},"21":{"start":{"line":41,"column":26},"end":{"line":41,"column":36}},"22":{"start":{"line":41,"column":43},"end":{"line":41,"column":49}},"23":{"start":{"line":41,"column":66},"end":{"line":41,"column":82}},"24":{"start":{"line":42,"column":12},"end":{"line":42,"column":140}},"25":{"start":{"line":45,"column":4},"end":{"line":45,"column":20}},"26":{"start":{"line":47,"column":16},"end":{"line":53,"column":1}},"27":{"start":{"line":48,"column":23},"end":{"line":48,"column":38}},"28":{"start":{"line":48,"column":45},"end":{"line":48,"column":51}},"29":{"start":{"line":48,"column":60},"end":{"line":48,"column":68}},"30":{"start":{"line":49,"column":4},"end":{"line":52,"column":123}},"31":{"start":{"line":54,"column":17},"end":{"line":56,"column":52}},"32":{"start":{"line":58,"column":0},"end":{"line":58,"column":32}}},"fnMap":{"0":{"name":"(anonymous_0)","decl":{"start":{"line":2,"column":57},"end":{"line":2,"column":58}},"loc":{"start":{"line":2,"column":70},"end":{"line":9,"column":1}},"line":2},"1":{"name":"(anonymous_1)","decl":{"start":{"line":38,"column":21},"end":{"line":38,"column":22}},"loc":{"start":{"line":38,"column":41},"end":{"line":46,"column":1}},"line":38},"2":{"name":"(anonymous_2)","decl":{"start":{"line":40,"column":28},"end":{"line":40,"column":29}},"loc":{"start":{"line":40,"column":42},"end":{"line":43,"column":9}},"line":40},"3":{"name":"(anonymous_3)","decl":{"start":{"line":47,"column":16},"end":{"line":47,"column":17}},"loc":{"start":{"line":47,"column":30},"end":{"line":53,"column":1}},"line":47}},"branchMap":{"0":{"loc":{"start":{"line":2,"column":15},"end":{"line":9,"column":1}},"type":"binary-expr","locations":[{"start":{"line":2,"column":15},"end":{"line":2,"column":19}},{"start":{"line":2,"column":23},"end":{"line":2,"column":36}},{"start":{"line":2,"column":40},"end":{"line":2,"column":53}},{"start":{"line":2,"column":57},"end":{"line":9,"column":1}}],"line":2},"1":{"loc":{"start":{"line":5,"column":25},"end":{"line":6,"column":20}},"type":"if","locations":[{"start":{"line":5,"column":25},"end":{"line":6,"column":20}},{"start":{"line":5,"column":25},"end":{"line":6,"column":20}}],"line":5},"2":{"loc":{"start":{"line":39,"column":4},"end":{"line":44,"column":5}},"type":"if","locations":[{"start":{"line":39,"column":4},"end":{"line":44,"column":5}},{"start":{"line":39,"column":4},"end":{"line":44,"column":5}}],"line":39},"3":{"loc":{"start":{"line":52,"column":4},"end":{"line":52,"column":121}},"type":"binary-expr","locations":[{"start":{"line":52,"column":4},"end":{"line":52,"column":16}},{"start":{"line":52,"column":20},"end":{"line":52,"column":121}}],"line":52}},"s":{"0":0,"1":0,"2":0,"3":0,"4":0,"5":0,"6":0,"7":0,"8":0,"9":0,"10":0,"11":0,"12":0,"13":0,"14":0,"15":0,"16":0,"17":0,"18":0,"19":0,"20":0,"21":0,"22":0,"23":0,"24":0,"25":0,"26":0,"27":0,"28":0,"29":0,"30":0,"31":0,"32":0},"f":{"0":0,"1":0,"2":0,"3":0},"b":{"0":[0,0,0,0],"1":[0,0],"2":[0,0],"3":[0,0]}}
,"/Users/michaelcorrigan/Code/joy_kit/src/components/commandBar/CommandBarNavItem.tsx": {"path":"/Users/michaelcorrigan/Code/joy_kit/src/components/commandBar/CommandBarNavItem.tsx","statementMap":{"0":{"start":{"line":1,"column":13},"end":{"line":1,"column":42}},"1":{"start":{"line":1,"column":42},"end":{"line":1,"column":55}},"2":{"start":{"line":2,"column":15},"end":{"line":9,"column":1}},"3":{"start":{"line":3,"column":4},"end":{"line":7,"column":5}},"4":{"start":{"line":4,"column":8},"end":{"line":4,"column":25}},"5":{"start":{"line":5,"column":8},"end":{"line":6,"column":20}},"6":{"start":{"line":5,"column":25},"end":{"line":6,"column":20}},"7":{"start":{"line":6,"column":8},"end":{"line":6,"column":20}},"8":{"start":{"line":8,"column":4},"end":{"line":8,"column":13}},"9":{"start":{"line":10,"column":0},"end":{"line":10,"column":62}},"10":{"start":{"line":11,"column":12},"end":{"line":11,"column":28}},"11":{"start":{"line":12,"column":15},"end":{"line":12,"column":32}},"12":{"start":{"line":13,"column":18},"end":{"line":13,"column":51}},"13":{"start":{"line":14,"column":19},"end":{"line":16,"column":24}},"14":{"start":{"line":18,"column":0},"end":{"line":21,"column":2}},"15":{"start":{"line":19,"column":19},"end":{"line":19,"column":30}},"16":{"start":{"line":19,"column":41},"end":{"line":19,"column":51}},"17":{"start":{"line":19,"column":68},"end":{"line":19,"column":84}},"18":{"start":{"line":20,"column":4},"end":{"line":20,"column":126}}},"fnMap":{"0":{"name":"(anonymous_0)","decl":{"start":{"line":2,"column":57},"end":{"line":2,"column":58}},"loc":{"start":{"line":2,"column":70},"end":{"line":9,"column":1}},"line":2},"1":{"name":"(anonymous_1)","decl":{"start":{"line":18,"column":28},"end":{"line":18,"column":29}},"loc":{"start":{"line":18,"column":42},"end":{"line":21,"column":1}},"line":18}},"branchMap":{"0":{"loc":{"start":{"line":2,"column":15},"end":{"line":9,"column":1}},"type":"binary-expr","locations":[{"start":{"line":2,"column":15},"end":{"line":2,"column":19}},{"start":{"line":2,"column":23},"end":{"line":2,"column":36}},{"start":{"line":2,"column":40},"end":{"line":2,"column":53}},{"start":{"line":2,"column":57},"end":{"line":9,"column":1}}],"line":2},"1":{"loc":{"start":{"line":5,"column":25},"end":{"line":6,"column":20}},"type":"if","locations":[{"start":{"line":5,"column":25},"end":{"line":6,"column":20}},{"start":{"line":5,"column":25},"end":{"line":6,"column":20}}],"line":5},"2":{"loc":{"start":{"line":20,"column":95},"end":{"line":20,"column":124}},"type":"cond-expr","locations":[{"start":{"line":20,"column":106},"end":{"line":20,"column":114}},{"start":{"line":20,"column":117},"end":{"line":20,"column":124}}],"line":20}},"s":{"0":0,"1":0,"2":0,"3":0,"4":0,"5":0,"6":0,"7":0,"8":0,"9":0,"10":0,"11":0,"12":0,"13":0,"14":0,"15":0,"16":0,"17":0,"18":0},"f":{"0":0,"1":0},"b":{"0":[0,0,0,0],"1":[0,0],"2":[0,0]}}
,"/Users/michaelcorrigan/Code/joy_kit/src/components/dropdown/Dropdown.tsx": {"path":"/Users/michaelcorrigan/Code/joy_kit/src/components/dropdown/Dropdown.tsx","statementMap":{"0":{"start":{"line":1,"column":13},"end":{"line":1,"column":42}},"1":{"start":{"line":1,"column":42},"end":{"line":1,"column":55}},"2":{"start":{"line":2,"column":16},"end":{"line":11,"column":3}},"3":{"start":{"line":3,"column":24},"end":{"line":5,"column":76}},"4":{"start":{"line":4,"column":59},"end":{"line":4,"column":75}},"5":{"start":{"line":5,"column":21},"end":{"line":5,"column":75}},"6":{"start":{"line":5,"column":38},"end":{"line":5,"column":75}},"7":{"start":{"line":5,"column":63},"end":{"line":5,"column":75}},"8":{"start":{"line":6,"column":4},"end":{"line":10,"column":6}},"9":{"start":{"line":7,"column":8},"end":{"line":7,"column":28}},"10":{"start":{"line":8,"column":23},"end":{"line":8,"column":44}},"11":{"start":{"line":9,"column":8},"end":{"line":9,"column":93}},"12":{"start":{"line":12,"column":15},"end":{"line":19,"column":1}},"13":{"start":{"line":13,"column":4},"end":{"line":17,"column":5}},"14":{"start":{"line":14,"column":8},"end":{"line":14,"column":25}},"15":{"start":{"line":15,"column":8},"end":{"line":16,"column":20}},"16":{"start":{"line":15,"column":25},"end":{"line":16,"column":20}},"17":{"start":{"line":16,"column":8},"end":{"line":16,"column":20}},"18":{"start":{"line":18,"column":4},"end":{"line":18,"column":13}},"19":{"start":{"line":20,"column":0},"end":{"line":20,"column":62}},"20":{"start":{"line":21,"column":12},"end":{"line":21,"column":28}},"21":{"start":{"line":22,"column":15},"end":{"line":22,"column":32}},"22":{"start":{"line":23,"column":23},"end":{"line":23,"column":48}},"23":{"start":{"line":24,"column":27},"end":{"line":47,"column":47}},"24":{"start":{"line":50,"column":20},"end":{"line":64,"column":1}},"25":{"start":{"line":51,"column":4},"end":{"line":62,"column":29}},"26":{"start":{"line":65,"column":20},"end":{"line":71,"column":27}},"27":{"start":{"line":74,"column":24},"end":{"line":83,"column":34}},"28":{"start":{"line":86,"column":22},"end":{"line":93,"column":47}},"29":{"start":{"line":96,"column":24},"end":{"line":101,"column":1}},"30":{"start":{"line":97,"column":4},"end":{"line":100,"column":7}},"31":{"start":{"line":98,"column":8},"end":{"line":99,"column":139}},"32":{"start":{"line":102,"column":15},"end":{"line":120,"column":18}},"33":{"start":{"line":103,"column":4},"end":{"line":103,"column":32}},"34":{"start":{"line":105,"column":20},"end":{"line":105,"column":52}},"35":{"start":{"line":106,"column":8},"end":{"line":108,"column":10}},"36":{"start":{"line":107,"column":12},"end":{"line":107,"column":56}},"37":{"start":{"line":109,"column":8},"end":{"line":110,"column":37}},"38":{"start":{"line":112,"column":8},"end":{"line":112,"column":21}},"39":{"start":{"line":114,"column":4},"end":{"line":118,"column":6}},"40":{"start":{"line":115,"column":8},"end":{"line":117,"column":348}},"41":{"start":{"line":119,"column":4},"end":{"line":119,"column":20}},"42":{"start":{"line":121,"column":0},"end":{"line":121,"column":28}}},"fnMap":{"0":{"name":"(anonymous_0)","decl":{"start":{"line":2,"column":42},"end":{"line":2,"column":43}},"loc":{"start":{"line":2,"column":54},"end":{"line":11,"column":1}},"line":2},"1":{"name":"(anonymous_1)","decl":{"start":{"line":4,"column":42},"end":{"line":4,"column":43}},"loc":{"start":{"line":4,"column":58},"end":{"line":4,"column":76}},"line":4},"2":{"name":"(anonymous_2)","decl":{"start":{"line":5,"column":4},"end":{"line":5,"column":5}},"loc":{"start":{"line":5,"column":20},"end":{"line":5,"column":76}},"line":5},"3":{"name":"(anonymous_3)","decl":{"start":{"line":6,"column":11},"end":{"line":6,"column":12}},"loc":{"start":{"line":6,"column":27},"end":{"line":10,"column":5}},"line":6},"4":{"name":"__","decl":{"start":{"line":8,"column":17},"end":{"line":8,"column":19}},"loc":{"start":{"line":8,"column":22},"end":{"line":8,"column":45}},"line":8},"5":{"name":"(anonymous_5)","decl":{"start":{"line":12,"column":57},"end":{"line":12,"column":58}},"loc":{"start":{"line":12,"column":70},"end":{"line":19,"column":1}},"line":12},"6":{"name":"(anonymous_6)","decl":{"start":{"line":50,"column":20},"end":{"line":50,"column":21}},"loc":{"start":{"line":50,"column":36},"end":{"line":64,"column":1}},"line":50},"7":{"name":"(anonymous_7)","decl":{"start":{"line":96,"column":24},"end":{"line":96,"column":25}},"loc":{"start":{"line":96,"column":78},"end":{"line":101,"column":1}},"line":96},"8":{"name":"(anonymous_8)","decl":{"start":{"line":97,"column":21},"end":{"line":97,"column":22}},"loc":{"start":{"line":97,"column":42},"end":{"line":100,"column":5}},"line":97},"9":{"name":"(anonymous_9)","decl":{"start":{"line":102,"column":15},"end":{"line":102,"column":16}},"loc":{"start":{"line":102,"column":33},"end":{"line":120,"column":1}},"line":102},"10":{"name":"DropDown","decl":{"start":{"line":104,"column":13},"end":{"line":104,"column":21}},"loc":{"start":{"line":104,"column":29},"end":{"line":113,"column":5}},"line":104},"11":{"name":"(anonymous_11)","decl":{"start":{"line":106,"column":29},"end":{"line":106,"column":30}},"loc":{"start":{"line":106,"column":41},"end":{"line":108,"column":9}},"line":106},"12":{"name":"(anonymous_12)","decl":{"start":{"line":114,"column":32},"end":{"line":114,"column":33}},"loc":{"start":{"line":114,"column":44},"end":{"line":118,"column":5}},"line":114}},"branchMap":{"0":{"loc":{"start":{"line":2,"column":16},"end":{"line":11,"column":3}},"type":"binary-expr","locations":[{"start":{"line":2,"column":16},"end":{"line":2,"column":20}},{"start":{"line":2,"column":24},"end":{"line":2,"column":38}},{"start":{"line":2,"column":42},"end":{"line":11,"column":3}}],"line":2},"1":{"loc":{"start":{"line":3,"column":24},"end":{"line":5,"column":76}},"type":"binary-expr","locations":[{"start":{"line":3,"column":24},"end":{"line":3,"column":45}},{"start":{"line":4,"column":4},"end":{"line":4,"column":38}},{"start":{"line":4,"column":42},"end":{"line":4,"column":76}},{"start":{"line":5,"column":4},"end":{"line":5,"column":76}}],"line":3},"2":{"loc":{"start":{"line":5,"column":38},"end":{"line":5,"column":75}},"type":"if","locations":[{"start":{"line":5,"column":38},"end":{"line":5,"column":75}},{"start":{"line":5,"column":38},"end":{"line":5,"column":75}}],"line":5},"3":{"loc":{"start":{"line":9,"column":22},"end":{"line":9,"column":92}},"type":"cond-expr","locations":[{"start":{"line":9,"column":35},"end":{"line":9,"column":51}},{"start":{"line":9,"column":55},"end":{"line":9,"column":91}}],"line":9},"4":{"loc":{"start":{"line":12,"column":15},"end":{"line":19,"column":1}},"type":"binary-expr","locations":[{"start":{"line":12,"column":15},"end":{"line":12,"column":19}},{"start":{"line":12,"column":23},"end":{"line":12,"column":36}},{"start":{"line":12,"column":40},"end":{"line":12,"column":53}},{"start":{"line":12,"column":57},"end":{"line":19,"column":1}}],"line":12},"5":{"loc":{"start":{"line":15,"column":25},"end":{"line":16,"column":20}},"type":"if","locations":[{"start":{"line":15,"column":25},"end":{"line":16,"column":20}},{"start":{"line":15,"column":25},"end":{"line":16,"column":20}}],"line":15},"6":{"loc":{"start":{"line":98,"column":79},"end":{"line":98,"column":121}},"type":"cond-expr","locations":[{"start":{"line":98,"column":99},"end":{"line":98,"column":114}},{"start":{"line":98,"column":117},"end":{"line":98,"column":121}}],"line":98},"7":{"loc":{"start":{"line":99,"column":102},"end":{"line":99,"column":136}},"type":"cond-expr","locations":[{"start":{"line":99,"column":114},"end":{"line":99,"column":129}},{"start":{"line":99,"column":132},"end":{"line":99,"column":136}}],"line":99},"8":{"loc":{"start":{"line":105,"column":20},"end":{"line":105,"column":52}},"type":"binary-expr","locations":[{"start":{"line":105,"column":20},"end":{"line":105,"column":44}},{"start":{"line":105,"column":48},"end":{"line":105,"column":52}}],"line":105},"9":{"loc":{"start":{"line":117,"column":142},"end":{"line":117,"column":345}},"type":"cond-expr","locations":[{"start":{"line":117,"column":160},"end":{"line":117,"column":338}},{"start":{"line":117,"column":341},"end":{"line":117,"column":345}}],"line":117}},"s":{"0":0,"1":0,"2":0,"3":0,"4":0,"5":0,"6":0,"7":0,"8":0,"9":0,"10":0,"11":0,"12":0,"13":0,"14":0,"15":0,"16":0,"17":0,"18":0,"19":0,"20":0,"21":0,"22":0,"23":0,"24":0,"25":0,"26":0,"27":0,"28":0,"29":0,"30":0,"31":0,"32":0,"33":0,"34":0,"35":0,"36":0,"37":0,"38":0,"39":0,"40":0,"41":0,"42":0},"f":{"0":0,"1":0,"2":0,"3":0,"4":0,"5":0,"6":0,"7":0,"8":0,"9":0,"10":0,"11":0,"12":0},"b":{"0":[0,0,0],"1":[0,0,0,0],"2":[0,0],"3":[0,0],"4":[0,0,0,0],"5":[0,0],"6":[0,0],"7":[0,0],"8":[0,0],"9":[0,0]}}
,"/Users/michaelcorrigan/Code/joy_kit/src/components/input/InputLine.tsx": {"path":"/Users/michaelcorrigan/Code/joy_kit/src/components/input/InputLine.tsx","statementMap":{"0":{"start":{"line":1,"column":13},"end":{"line":1,"column":42}},"1":{"start":{"line":1,"column":42},"end":{"line":1,"column":55}},"2":{"start":{"line":2,"column":15},"end":{"line":9,"column":1}},"3":{"start":{"line":3,"column":4},"end":{"line":7,"column":5}},"4":{"start":{"line":4,"column":8},"end":{"line":4,"column":25}},"5":{"start":{"line":5,"column":8},"end":{"line":6,"column":20}},"6":{"start":{"line":5,"column":25},"end":{"line":6,"column":20}},"7":{"start":{"line":6,"column":8},"end":{"line":6,"column":20}},"8":{"start":{"line":8,"column":4},"end":{"line":8,"column":13}},"9":{"start":{"line":10,"column":0},"end":{"line":10,"column":62}},"10":{"start":{"line":11,"column":12},"end":{"line":11,"column":28}},"11":{"start":{"line":12,"column":15},"end":{"line":12,"column":32}},"12":{"start":{"line":13,"column":17},"end":{"line":23,"column":1}},"13":{"start":{"line":14,"column":4},"end":{"line":22,"column":58}},"14":{"start":{"line":24,"column":15},"end":{"line":29,"column":37}},"15":{"start":{"line":31,"column":20},"end":{"line":37,"column":24}},"16":{"start":{"line":39,"column":16},"end":{"line":42,"column":23}},"17":{"start":{"line":44,"column":17},"end":{"line":60,"column":1}},"18":{"start":{"line":45,"column":4},"end":{"line":59,"column":10}},"19":{"start":{"line":61,"column":22},"end":{"line":95,"column":1}},"20":{"start":{"line":62,"column":4},"end":{"line":90,"column":60}},"21":{"start":{"line":96,"column":0},"end":{"line":108,"column":2}},"22":{"start":{"line":97,"column":23},"end":{"line":97,"column":38}},"23":{"start":{"line":97,"column":47},"end":{"line":97,"column":55}},"24":{"start":{"line":97,"column":64},"end":{"line":97,"column":72}},"25":{"start":{"line":97,"column":81},"end":{"line":97,"column":89}},"26":{"start":{"line":97,"column":104},"end":{"line":97,"column":118}},"27":{"start":{"line":97,"column":124},"end":{"line":97,"column":135}},"28":{"start":{"line":97,"column":147},"end":{"line":97,"column":173}},"29":{"start":{"line":97,"column":179},"end":{"line":97,"column":206}},"30":{"start":{"line":97,"column":234},"end":{"line":97,"column":259}},"31":{"start":{"line":98,"column":29},"end":{"line":102,"column":5}},"32":{"start":{"line":99,"column":8},"end":{"line":101,"column":13}},"33":{"start":{"line":103,"column":4},"end":{"line":107,"column":62}}},"fnMap":{"0":{"name":"(anonymous_0)","decl":{"start":{"line":2,"column":57},"end":{"line":2,"column":58}},"loc":{"start":{"line":2,"column":70},"end":{"line":9,"column":1}},"line":2},"1":{"name":"(anonymous_1)","decl":{"start":{"line":13,"column":17},"end":{"line":13,"column":18}},"loc":{"start":{"line":13,"column":33},"end":{"line":23,"column":1}},"line":13},"2":{"name":"(anonymous_2)","decl":{"start":{"line":44,"column":17},"end":{"line":44,"column":18}},"loc":{"start":{"line":44,"column":41},"end":{"line":60,"column":1}},"line":44},"3":{"name":"(anonymous_3)","decl":{"start":{"line":61,"column":22},"end":{"line":61,"column":23}},"loc":{"start":{"line":61,"column":46},"end":{"line":95,"column":1}},"line":61},"4":{"name":"(anonymous_4)","decl":{"start":{"line":96,"column":20},"end":{"line":96,"column":21}},"loc":{"start":{"line":96,"column":34},"end":{"line":108,"column":1}},"line":96},"5":{"name":"(anonymous_5)","decl":{"start":{"line":98,"column":29},"end":{"line":98,"column":30}},"loc":{"start":{"line":98,"column":42},"end":{"line":102,"column":5}},"line":98}},"branchMap":{"0":{"loc":{"start":{"line":2,"column":15},"end":{"line":9,"column":1}},"type":"binary-expr","locations":[{"start":{"line":2,"column":15},"end":{"line":2,"column":19}},{"start":{"line":2,"column":23},"end":{"line":2,"column":36}},{"start":{"line":2,"column":40},"end":{"line":2,"column":53}},{"start":{"line":2,"column":57},"end":{"line":9,"column":1}}],"line":2},"1":{"loc":{"start":{"line":5,"column":25},"end":{"line":6,"column":20}},"type":"if","locations":[{"start":{"line":5,"column":25},"end":{"line":6,"column":20}},{"start":{"line":5,"column":25},"end":{"line":6,"column":20}}],"line":5},"2":{"loc":{"start":{"line":22,"column":4},"end":{"line":22,"column":56}},"type":"cond-expr","locations":[{"start":{"line":22,"column":22},"end":{"line":22,"column":37}},{"start":{"line":22,"column":40},"end":{"line":22,"column":56}}],"line":22},"3":{"loc":{"start":{"line":46,"column":15},"end":{"line":46,"column":38}},"type":"cond-expr","locations":[{"start":{"line":46,"column":24},"end":{"line":46,"column":30}},{"start":{"line":46,"column":33},"end":{"line":46,"column":38}}],"line":46},"4":{"loc":{"start":{"line":54,"column":4},"end":{"line":59,"column":8}},"type":"cond-expr","locations":[{"start":{"line":55,"column":4},"end":{"line":57,"column":26}},{"start":{"line":59,"column":4},"end":{"line":59,"column":8}}],"line":54},"5":{"loc":{"start":{"line":90,"column":27},"end":{"line":90,"column":50}},"type":"cond-expr","locations":[{"start":{"line":90,"column":36},"end":{"line":90,"column":42}},{"start":{"line":90,"column":45},"end":{"line":90,"column":50}}],"line":90},"6":{"loc":{"start":{"line":97,"column":147},"end":{"line":97,"column":173}},"type":"cond-expr","locations":[{"start":{"line":97,"column":163},"end":{"line":97,"column":168}},{"start":{"line":97,"column":171},"end":{"line":97,"column":173}}],"line":97},"7":{"loc":{"start":{"line":97,"column":234},"end":{"line":97,"column":259}},"type":"cond-expr","locations":[{"start":{"line":97,"column":250},"end":{"line":97,"column":254}},{"start":{"line":97,"column":257},"end":{"line":97,"column":259}}],"line":97},"8":{"loc":{"start":{"line":99,"column":8},"end":{"line":101,"column":12}},"type":"cond-expr","locations":[{"start":{"line":100,"column":8},"end":{"line":100,"column":72}},{"start":{"line":101,"column":8},"end":{"line":101,"column":12}}],"line":99},"9":{"loc":{"start":{"line":99,"column":8},"end":{"line":99,"column":68}},"type":"binary-expr","locations":[{"start":{"line":99,"column":8},"end":{"line":99,"column":25}},{"start":{"line":99,"column":29},"end":{"line":99,"column":53}},{"start":{"line":99,"column":57},"end":{"line":99,"column":68}}],"line":99},"10":{"loc":{"start":{"line":104,"column":62},"end":{"line":104,"column":94}},"type":"cond-expr","locations":[{"start":{"line":104,"column":76},"end":{"line":104,"column":87}},{"start":{"line":104,"column":90},"end":{"line":104,"column":94}}],"line":104},"11":{"loc":{"start":{"line":105,"column":4},"end":{"line":105,"column":165}},"type":"cond-expr","locations":[{"start":{"line":105,"column":13},"end":{"line":105,"column":82}},{"start":{"line":105,"column":85},"end":{"line":105,"column":165}}],"line":105},"12":{"loc":{"start":{"line":107,"column":4},"end":{"line":107,"column":60}},"type":"cond-expr","locations":[{"start":{"line":107,"column":12},"end":{"line":107,"column":53}},{"start":{"line":107,"column":56},"end":{"line":107,"column":60}}],"line":107}},"s":{"0":0,"1":0,"2":0,"3":0,"4":0,"5":0,"6":0,"7":0,"8":0,"9":0,"10":0,"11":0,"12":0,"13":0,"14":0,"15":0,"16":0,"17":0,"18":0,"19":0,"20":0,"21":0,"22":0,"23":0,"24":0,"25":0,"26":0,"27":0,"28":0,"29":0,"30":0,"31":0,"32":0,"33":0},"f":{"0":0,"1":0,"2":0,"3":0,"4":0,"5":0},"b":{"0":[0,0,0,0],"1":[0,0],"2":[0,0],"3":[0,0],"4":[0,0],"5":[0,0],"6":[0,0],"7":[0,0],"8":[0,0],"9":[0,0,0],"10":[0,0],"11":[0,0],"12":[0,0]}}
,"/Users/michaelcorrigan/Code/joy_kit/src/components/label/Label.tsx": {"path":"/Users/michaelcorrigan/Code/joy_kit/src/components/label/Label.tsx","statementMap":{"0":{"start":{"line":5,"column":0},"end":{"line":5,"column":30}},"1":{"start":{"line":6,"column":0},"end":{"line":6,"column":28}},"2":{"start":{"line":25,"column":34},"end":{"line":35,"column":1}},"3":{"start":{"line":26,"column":2},"end":{"line":34,"column":3}},"4":{"start":{"line":29,"column":6},"end":{"line":29,"column":43}},"5":{"start":{"line":31,"column":6},"end":{"line":31,"column":60}},"6":{"start":{"line":33,"column":6},"end":{"line":33,"column":18}},"7":{"start":{"line":37,"column":27},"end":{"line":46,"column":1}},"8":{"start":{"line":38,"column":8},"end":{"line":38,"column":52}},"9":{"start":{"line":38,"column":9},"end":{"line":38,"column":17}},"10":{"start":{"line":38,"column":19},"end":{"line":38,"column":29}},"11":{"start":{"line":39,"column":2},"end":{"line":45,"column":4}},"12":{"start":{"line":53,"column":19},"end":{"line":58,"column":2}},"13":{"start":{"line":60,"column":18},"end":{"line":64,"column":2}},"14":{"start":{"line":66,"column":18},"end":{"line":66,"column":77}},"15":{"start":{"line":66,"column":34},"end":{"line":66,"column":77}},"16":{"start":{"line":68,"column":19},"end":{"line":85,"column":3}},"17":{"start":{"line":69,"column":2},"end":{"line":85,"column":3}},"18":{"start":{"line":104,"column":13},"end":{"line":125,"column":2}},"19":{"start":{"line":105,"column":2},"end":{"line":105,"column":13}},"20":{"start":{"line":106,"column":2},"end":{"line":106,"column":9}},"21":{"start":{"line":107,"column":2},"end":{"line":107,"column":25}},"22":{"start":{"line":108,"column":2},"end":{"line":108,"column":18}},"23":{"start":{"line":109,"column":2},"end":{"line":109,"column":10}},"24":{"start":{"line":110,"column":2},"end":{"line":110,"column":6}},"25":{"start":{"line":111,"column":2},"end":{"line":111,"column":19}},"26":{"start":{"line":113,"column":16},"end":{"line":119,"column":3}},"27":{"start":{"line":120,"column":2},"end":{"line":124,"column":4}}},"fnMap":{"0":{"name":"(anonymous_1)","decl":{"start":{"line":25,"column":34},"end":{"line":25,"column":34}},"loc":{"start":{"line":25,"column":74},"end":{"line":35,"column":1}}},"1":{"name":"(anonymous_2)","decl":{"start":{"line":37,"column":27},"end":{"line":37,"column":27}},"loc":{"start":{"line":37,"column":74},"end":{"line":46,"column":1}}},"2":{"name":"(anonymous_3)","decl":{"start":{"line":66,"column":18},"end":{"line":66,"column":18}},"loc":{"start":{"line":66,"column":29},"end":{"line":66,"column":77}}},"3":{"name":"(anonymous_4)","decl":{"start":{"line":68,"column":19},"end":{"line":68,"column":19}},"loc":{"start":{"line":68,"column":74},"end":{"line":85,"column":3}}},"4":{"name":"(anonymous_5)","decl":{"start":{"line":104,"column":21},"end":{"line":104,"column":21}},"loc":{"start":{"line":112,"column":8},"end":{"line":125,"column":1}}}},"branchMap":{"0":{"loc":{"start":{"line":27,"column":4},"end":{"line":27,"column":16}},"type":"switch","locations":[{"start":{"line":27,"column":4},"end":{"line":27,"column":16}},{"start":{"line":28,"column":4},"end":{"line":29,"column":43}},{"start":{"line":30,"column":4},"end":{"line":31,"column":60}},{"start":{"line":32,"column":4},"end":{"line":33,"column":18}}]},"1":{"loc":{"start":{"line":66,"column":54},"end":{"line":66,"column":64}},"type":"cond-expr","locations":[{"start":{"line":66,"column":54},"end":{"line":66,"column":64}},{"start":{"line":66,"column":67},"end":{"line":66,"column":76}}]},"2":{"loc":{"start":{"line":83,"column":33},"end":{"line":83,"column":44}},"type":"cond-expr","locations":[{"start":{"line":83,"column":33},"end":{"line":83,"column":44}},{"start":{"line":83,"column":47},"end":{"line":83,"column":55}}]},"3":{"loc":{"start":{"line":107,"column":2},"end":{"line":107,"column":24}},"type":"cond-expr","locations":[{"start":{"line":107,"column":2},"end":{"line":107,"column":24}},{"start":{"line":107,"column":2},"end":{"line":107,"column":25}}]},"4":{"loc":{"start":{"line":108,"column":2},"end":{"line":108,"column":17}},"type":"cond-expr","locations":[{"start":{"line":108,"column":2},"end":{"line":108,"column":17}},{"start":{"line":108,"column":2},"end":{"line":108,"column":18}}]},"5":{"loc":{"start":{"line":111,"column":2},"end":{"line":111,"column":18}},"type":"cond-expr","locations":[{"start":{"line":111,"column":2},"end":{"line":111,"column":18}},{"start":{"line":111,"column":2},"end":{"line":111,"column":19}}]}},"s":{"0":1,"1":1,"2":1,"3":1,"4":1,"5":0,"6":0,"7":1,"8":1,"9":1,"10":1,"11":1,"12":1,"13":1,"14":1,"15":1,"16":1,"17":1,"18":1,"19":1,"20":1,"21":2,"22":2,"23":1,"24":1,"25":2,"26":1,"27":1},"f":{"0":1,"1":1,"2":1,"3":1,"4":1},"b":{"0":[1,1,0,0],"1":[0,1],"2":[0,1],"3":[1,0],"4":[1,0],"5":[1,0]}}
,"/Users/michaelcorrigan/Code/joy_kit/src/components/modal/Modal.tsx": {"path":"/Users/michaelcorrigan/Code/joy_kit/src/components/modal/Modal.tsx","statementMap":{"0":{"start":{"line":1,"column":13},"end":{"line":1,"column":42}},"1":{"start":{"line":1,"column":42},"end":{"line":1,"column":55}},"2":{"start":{"line":2,"column":16},"end":{"line":11,"column":3}},"3":{"start":{"line":3,"column":24},"end":{"line":5,"column":76}},"4":{"start":{"line":4,"column":59},"end":{"line":4,"column":75}},"5":{"start":{"line":5,"column":21},"end":{"line":5,"column":75}},"6":{"start":{"line":5,"column":38},"end":{"line":5,"column":75}},"7":{"start":{"line":5,"column":63},"end":{"line":5,"column":75}},"8":{"start":{"line":6,"column":4},"end":{"line":10,"column":6}},"9":{"start":{"line":7,"column":8},"end":{"line":7,"column":28}},"10":{"start":{"line":8,"column":23},"end":{"line":8,"column":44}},"11":{"start":{"line":9,"column":8},"end":{"line":9,"column":93}},"12":{"start":{"line":12,"column":15},"end":{"line":19,"column":1}},"13":{"start":{"line":13,"column":4},"end":{"line":17,"column":5}},"14":{"start":{"line":14,"column":8},"end":{"line":14,"column":25}},"15":{"start":{"line":15,"column":8},"end":{"line":16,"column":20}},"16":{"start":{"line":15,"column":25},"end":{"line":16,"column":20}},"17":{"start":{"line":16,"column":8},"end":{"line":16,"column":20}},"18":{"start":{"line":18,"column":4},"end":{"line":18,"column":13}},"19":{"start":{"line":20,"column":0},"end":{"line":20,"column":62}},"20":{"start":{"line":21,"column":12},"end":{"line":21,"column":28}},"21":{"start":{"line":22,"column":15},"end":{"line":22,"column":32}},"22":{"start":{"line":23,"column":20},"end":{"line":23,"column":44}},"23":{"start":{"line":24,"column":21},"end":{"line":24,"column":46}},"24":{"start":{"line":25,"column":21},"end":{"line":25,"column":46}},"25":{"start":{"line":26,"column":20},"end":{"line":26,"column":44}},"26":{"start":{"line":27,"column":17},"end":{"line":38,"column":1}},"27":{"start":{"line":28,"column":4},"end":{"line":33,"column":5}},"28":{"start":{"line":29,"column":8},"end":{"line":31,"column":25}},"29":{"start":{"line":34,"column":4},"end":{"line":36,"column":21}},"30":{"start":{"line":39,"column":18},"end":{"line":44,"column":51}},"31":{"start":{"line":46,"column":17},"end":{"line":61,"column":1}},"32":{"start":{"line":47,"column":4},"end":{"line":59,"column":9}},"33":{"start":{"line":62,"column":12},"end":{"line":81,"column":18}},"34":{"start":{"line":63,"column":4},"end":{"line":63,"column":29}},"35":{"start":{"line":65,"column":8},"end":{"line":65,"column":72}},"36":{"start":{"line":67,"column":4},"end":{"line":69,"column":6}},"37":{"start":{"line":68,"column":8},"end":{"line":68,"column":172}},"38":{"start":{"line":70,"column":4},"end":{"line":75,"column":39}},"39":{"start":{"line":77,"column":4},"end":{"line":77,"column":45}},"40":{"start":{"line":78,"column":4},"end":{"line":78,"column":48}},"41":{"start":{"line":79,"column":4},"end":{"line":79,"column":48}},"42":{"start":{"line":80,"column":4},"end":{"line":80,"column":17}},"43":{"start":{"line":82,"column":0},"end":{"line":82,"column":22}}},"fnMap":{"0":{"name":"(anonymous_0)","decl":{"start":{"line":2,"column":42},"end":{"line":2,"column":43}},"loc":{"start":{"line":2,"column":54},"end":{"line":11,"column":1}},"line":2},"1":{"name":"(anonymous_1)","decl":{"start":{"line":4,"column":42},"end":{"line":4,"column":43}},"loc":{"start":{"line":4,"column":58},"end":{"line":4,"column":76}},"line":4},"2":{"name":"(anonymous_2)","decl":{"start":{"line":5,"column":4},"end":{"line":5,"column":5}},"loc":{"start":{"line":5,"column":20},"end":{"line":5,"column":76}},"line":5},"3":{"name":"(anonymous_3)","decl":{"start":{"line":6,"column":11},"end":{"line":6,"column":12}},"loc":{"start":{"line":6,"column":27},"end":{"line":10,"column":5}},"line":6},"4":{"name":"__","decl":{"start":{"line":8,"column":17},"end":{"line":8,"column":19}},"loc":{"start":{"line":8,"column":22},"end":{"line":8,"column":45}},"line":8},"5":{"name":"(anonymous_5)","decl":{"start":{"line":12,"column":57},"end":{"line":12,"column":58}},"loc":{"start":{"line":12,"column":70},"end":{"line":19,"column":1}},"line":12},"6":{"name":"(anonymous_6)","decl":{"start":{"line":27,"column":17},"end":{"line":27,"column":18}},"loc":{"start":{"line":27,"column":35},"end":{"line":38,"column":1}},"line":27},"7":{"name":"(anonymous_7)","decl":{"start":{"line":46,"column":17},"end":{"line":46,"column":18}},"loc":{"start":{"line":46,"column":33},"end":{"line":61,"column":1}},"line":46},"8":{"name":"(anonymous_8)","decl":{"start":{"line":62,"column":12},"end":{"line":62,"column":13}},"loc":{"start":{"line":62,"column":30},"end":{"line":81,"column":1}},"line":62},"9":{"name":"Modal","decl":{"start":{"line":64,"column":13},"end":{"line":64,"column":18}},"loc":{"start":{"line":64,"column":21},"end":{"line":66,"column":5}},"line":64},"10":{"name":"(anonymous_10)","decl":{"start":{"line":67,"column":29},"end":{"line":67,"column":30}},"loc":{"start":{"line":67,"column":41},"end":{"line":69,"column":5}},"line":67}},"branchMap":{"0":{"loc":{"start":{"line":2,"column":16},"end":{"line":11,"column":3}},"type":"binary-expr","locations":[{"start":{"line":2,"column":16},"end":{"line":2,"column":20}},{"start":{"line":2,"column":24},"end":{"line":2,"column":38}},{"start":{"line":2,"column":42},"end":{"line":11,"column":3}}],"line":2},"1":{"loc":{"start":{"line":3,"column":24},"end":{"line":5,"column":76}},"type":"binary-expr","locations":[{"start":{"line":3,"column":24},"end":{"line":3,"column":45}},{"start":{"line":4,"column":4},"end":{"line":4,"column":38}},{"start":{"line":4,"column":42},"end":{"line":4,"column":76}},{"start":{"line":5,"column":4},"end":{"line":5,"column":76}}],"line":3},"2":{"loc":{"start":{"line":5,"column":38},"end":{"line":5,"column":75}},"type":"if","locations":[{"start":{"line":5,"column":38},"end":{"line":5,"column":75}},{"start":{"line":5,"column":38},"end":{"line":5,"column":75}}],"line":5},"3":{"loc":{"start":{"line":9,"column":22},"end":{"line":9,"column":92}},"type":"cond-expr","locations":[{"start":{"line":9,"column":35},"end":{"line":9,"column":51}},{"start":{"line":9,"column":55},"end":{"line":9,"column":91}}],"line":9},"4":{"loc":{"start":{"line":12,"column":15},"end":{"line":19,"column":1}},"type":"binary-expr","locations":[{"start":{"line":12,"column":15},"end":{"line":12,"column":19}},{"start":{"line":12
[...]
,"/Users/michaelcorrigan/Code/joy_kit/stories/actionheader.tsx": {"path":"/Users/michaelcorrigan/Code/joy_kit/stories/actionheader.tsx","statementMap":{"0":{"start":{"line":1,"column":13},"end":{"line":1,"column":42}},"1":{"start":{"line":1,"column":42},"end":{"line":1,"column":55}},"2":{"start":{"line":2,"column":0},"end":{"line":2,"column":62}},"3":{"start":{"line":3,"column":12},"end":{"line":3,"column":28}},"4":{"start":{"line":4,"column":14},"end":{"line":4,"column":41}},"5":{"start":{"line":5,"column":20},"end":{"line":5,"column":53}},"6":{"start":{"line":6,"column":15},"end":{"line":6,"column":40}},"7":{"start":{"line":7,"column":12},"end":{"line":7,"column":29}},"8":{"start":{"line":8,"column":14},"end":{"line":8,"column":55}},"9":{"start":{"line":9,"column":0},"end":{"line":9,"column":46}},"10":{"start":{"line":10,"column":0},"end":{"line":17,"column":3}},"11":{"start":{"line":11,"column":16},"end":{"line":11,"column":52}},"12":{"start":{"line":12,"column":22},"end":{"line":12,"column":72}},"13":{"start":{"line":13,"column":19},"end":{"line":13,"column":61}},"14":{"start":{"line":14,"column":4},"end":{"line":16,"column":231}}},"fnMap":{"0":{"name":"(anonymous_0)","decl":{"start":{"line":10,"column":23},"end":{"line":10,"column":24}},"loc":{"start":{"line":10,"column":35},"end":{"line":17,"column":1}},"line":10}},"branchMap":{},"s":{"0":0,"1":0,"2":0,"3":0,"4":0,"5":0,"6":0,"7":0,"8":0,"9":0,"10":0,"11":0,"12":0,"13":0,"14":0},"f":{"0":0},"b":{}}
,"/Users/michaelcorrigan/Code/joy_kit/stories/button.tsx": {"path":"/Users/michaelcorrigan/Code/joy_kit/stories/button.tsx","statementMap":{"0":{"start":{"line":1,"column":13},"end":{"line":1,"column":42}},"1":{"start":{"line":1,"column":42},"end":{"line":1,"column":55}},"2":{"start":{"line":2,"column":0},"end":{"line":2,"column":62}},"3":{"start":{"line":3,"column":12},"end":{"line":3,"column":28}},"4":{"start":{"line":4,"column":14},"end":{"line":4,"column":41}},"5":{"start":{"line":5,"column":20},"end":{"line":5,"column":53}},"6":{"start":{"line":6,"column":15},"end":{"line":6,"column":40}},"7":{"start":{"line":7,"column":12},"end":{"line":7,"column":29}},"8":{"start":{"line":8,"column":14},"end":{"line":8,"column":50}},"9":{"start":{"line":9,"column":0},"end":{"line":9,"column":46}},"10":{"start":{"line":10,"column":0},"end":{"line":27,"column":3}},"11":{"start":{"line":11,"column":16},"end":{"line":11,"column":53}},"12":{"start":{"line":12,"column":16},"end":{"line":20,"column":15}},"13":{"start":{"line":21,"column":20},"end":{"line":21,"column":60}},"14":{"start":{"line":22,"column":19},"end":{"line":22,"column":59}},"15":{"start":{"line":23,"column":25},"end":{"line":23,"column":72}},"16":{"start":{"line":24,"column":4},"end":{"line":26,"column":332}},"17":{"start":{"line":25,"column":155},"end":{"line":25,"column":184}},"18":{"start":{"line":28,"column":0},"end":{"line":38,"column":3}},"19":{"start":{"line":29,"column":16},"end":{"line":29,"column":53}},"20":{"start":{"line":30,"column":20},"end":{"line":30,"column":60}},"21":{"start":{"line":31,"column":19},"end":{"line":31,"column":59}},"22":{"start":{"line":32,"column":25},"end":{"line":32,"column":72}},"23":{"start":{"line":33,"column":34},"end":{"line":33,"column":86}},"24":{"start":{"line":34,"column":24},"end":{"line":34,"column":70}},"25":{"start":{"line":35,"column":4},"end":{"line":37,"column":422}},"26":{"start":{"line":36,"column":222},"end":{"line":36,"column":251}}},"fnMap":{"0":{"name":"(anonymous_0)","decl":{"start":{"line":10,"column":23},"end":{"line":10,"column":24}},"loc":{"start":{"line":10,"column":35},"end":{"line":27,"column":1}},"line":10},"1":{"name":"(anonymous_1)","decl":{"start":{"line":25,"column":142},"end":{"line":25,"column":143}},"loc":{"start":{"line":25,"column":154},"end":{"line":25,"column":185}},"line":25},"2":{"name":"(anonymous_2)","decl":{"start":{"line":28,"column":25},"end":{"line":28,"column":26}},"loc":{"start":{"line":28,"column":37},"end":{"line":38,"column":1}},"line":28},"3":{"name":"(anonymous_3)","decl":{"start":{"line":36,"column":209},"end":{"line":36,"column":210}},"loc":{"start":{"line":36,"column":221},"end":{"line":36,"column":252}},"line":36}},"branchMap":{},"s":{"0":0,"1":0,"2":0,"3":0,"4":0,"5":0,"6":0,"7":0,"8":0,"9":0,"10":0,"11":0,"12":0,"13":0,"14":0,"15":0,"16":0,"17":0,"18":0,"19":0,"20":0,"21":0,"22":0,"23":0,"24":0,"25":0,"26":0},"f":{"0":0,"1":0,"2":0,"3":0},"b":{}}
,"/Users/michaelcorrigan/Code/joy_kit/stories/index.tsx": {"path":"/Users/michaelcorrigan/Code/joy_kit/stories/index.tsx","statementMap":{"0":{"start":{"line":1,"column":13},"end":{"line":1,"column":42}},"1":{"start":{"line":1,"column":42},"end":{"line":1,"column":55}},"2":{"start":{"line":2,"column":0},"end":{"line":2,"column":62}},"3":{"start":{"line":3,"column":0},"end":{"line":3,"column":20}},"4":{"start":{"line":4,"column":0},"end":{"line":4,"column":20}},"5":{"start":{"line":5,"column":0},"end":{"line":5,"column":26}}},"fnMap":{},"branchMap":{},"s":{"0":0,"1":0,"2":0,"3":0,"4":0,"5":0},"f":{},"b":{}}
,"/Users/michaelcorrigan/Code/joy_kit/stories/inputs.tsx": {"path":"/Users/michaelcorrigan/Code/joy_kit/stories/inputs.tsx","statementMap":{"0":{"start":{"line":1,"column":13},"end":{"line":1,"column":42}},"1":{"start":{"line":1,"column":42},"end":{"line":1,"column":55}},"2":{"start":{"line":2,"column":0},"end":{"line":2,"column":62}},"3":{"start":{"line":3,"column":12},"end":{"line":3,"column":28}},"4":{"start":{"line":4,"column":14},"end":{"line":4,"column":41}},"5":{"start":{"line":5,"column":20},"end":{"line":5,"column":53}},"6":{"start":{"line":6,"column":15},"end":{"line":6,"column":40}},"7":{"start":{"line":7,"column":21},"end":{"line":7,"column":52}},"8":{"start":{"line":8,"column":12},"end":{"line":8,"column":29}},"9":{"start":{"line":9,"column":14},"end":{"line":9,"column":52}},"10":{"start":{"line":10,"column":0},"end":{"line":10,"column":46}},"11":{"start":{"line":11,"column":0},"end":{"line":20,"column":3}},"12":{"start":{"line":12,"column":16},"end":{"line":12,"column":79}},"13":{"start":{"line":13,"column":22},"end":{"line":13,"column":78}},"14":{"start":{"line":14,"column":19},"end":{"line":14,"column":59}},"15":{"start":{"line":15,"column":29},"end":{"line":15,"column":93}},"16":{"start":{"line":16,"column":25},"end":{"line":16,"column":91}},"17":{"start":{"line":17,"column":4},"end":{"line":19,"column":300}}},"fnMap":{"0":{"name":"(anonymous_0)","decl":{"start":{"line":11,"column":23},"end":{"line":11,"column":24}},"loc":{"start":{"line":11,"column":35},"end":{"line":20,"column":1}},"line":11}},"branchMap":{},"s":{"0":0,"1":0,"2":0,"3":0,"4":0,"5":0,"6":0,"7":0,"8":0,"9":0,"10":0,"11":0,"12":0,"13":0,"14":0,"15":0,"16":0,"17":0},"f":{"0":0},"b":{}}
,"/Users/michaelcorrigan/Code/joy_kit/stories/utils/stateManager.tsx": {"path":"/Users/michaelcorrigan/Code/joy_kit/stories/utils/stateManager.tsx","statementMap":{"0":{"start":{"line":1,"column":13},"end":{"line":1,"column":42}},"1":{"start":{"line":1,"column":42},"end":{"line":1,"column":55}},"2":{"start":{"line":2,"column":16},"end":{"line":11,"column":3}},"3":{"start":{"line":3,"column":24},"end":{"line":5,"column":76}},"4":{"start":{"line":4,"column":59},"end":{"line":4,"column":75}},"5":{"start":{"line":5,"column":21},"end":{"line":5,"column":75}},"6":{"start":{"line":5,"column":38},"end":{"line":5,"column":75}},"7":{"start":{"line":5,"column":63},"end":{"line":5,"column":75}},"8":{"start":{"line":6,"column":4},"end":{"line":10,"column":6}},"9":{"start":{"line":7,"column":8},"end":{"line":7,"column":28}},"10":{"start":{"line":8,"column":23},"end":{"line":8,"column":44}},"11":{"start":{"line":9,"column":8},"end":{"line":9,"column":93}},"12":{"start":{"line":12,"column":15},"end":{"line":19,"column":1}},"13":{"start":{"line":13,"column":4},"end":{"line":17,"column":5}},"14":{"start":{"line":14,"column":8},"end":{"line":14,"column":25}},"15":{"start":{"line":15,"column":8},"end":{"line":16,"column":20}},"16":{"start":{"line":15,"column":25},"end":{"line":16,"column":20}},"17":{"start":{"line":16,"column":8},"end":{"line":16,"column":20}},"18":{"start":{"line":18,"column":4},"end":{"line":18,"column":13}},"19":{"start":{"line":20,"column":0},"end":{"line":20,"column":62}},"20":{"start":{"line":21,"column":12},"end":{"line":21,"column":28}},"21":{"start":{"line":23,"column":4},"end":{"line":46,"column":23}},"22":{"start":{"line":24,"column":8},"end":{"line":24,"column":43}},"23":{"start":{"line":26,"column":24},"end":{"line":26,"column":56}},"24":{"start":{"line":27,"column":12},"end":{"line":30,"column":14}},"25":{"start":{"line":28,"column":28},"end":{"line":28,"column":68}},"26":{"start":{"line":29,"column":16},"end":{"line":29,"column":49}},"27":{"start":{"line":31,"column":12},"end":{"line":32,"column":28}},"28":{"start":{"line":34,"column":12},"end":{"line":34,"column":25}},"29":{"start":{"line":36,"column":8},"end":{"line":44,"column":10}},"30":{"start":{"line":37,"column":24},"end":{"line":37,"column":28}},"31":{"start":{"line":38,"column":28},"end":{"line":41,"column":14}},"32":{"start":{"line":40,"column":45},"end":{"line":40,"column":79}},"33":{"start":{"line":42,"column":12},"end":{"line":42,"column":93}},"34":{"start":{"line":45,"column":8},"end":{"line":45,"column":31}},"35":{"start":{"line":48,"column":0},"end":{"line":48,"column":30}}},"fnMap":{"0":{"name":"(anonymous_0)","decl":{"start":{"line":2,"column":42},"end":{"line":2,"column":43}},"loc":{"start":{"line":2,"column":54},"end":{"line":11,"column":1}},"line":2},"1":{"name":"(anonymous_1)","decl":{"start":{"line":4,"column":42},"end":{"line":4,"column":43}},"loc":{"start":{"line":4,"column":58},"end":{"line":4,"column":76}},"line":4},"2":{"name":"(anonymous_2)","decl":{"start":{"line":5,"column":4},"end":{"line":5,"column":5}},"loc":{"start":{"line":5,"column":20},"end":{"line":5,"column":76}},"line":5},"3":{"name":"(anonymous_3)","decl":{"start":{"line":6,"column":11},"end":{"line":6,"column":12}},"loc":{"start":{"line":6,"column":27},"end":{"line":10,"column":5}},"line":6},"4":{"name":"__","decl":{"start":{"line":8,"column":17},"end":{"line":8,"column":19}},"loc":{"start":{"line":8,"column":22},"end":{"line":8,"column":45}},"line":8},"5":{"name":"(anonymous_5)","decl":{"start":{"line":12,"column":57},"end":{"line":12,"column":58}},"loc":{"start":{"line":12,"column":70},"end":{"line":19,"column":1}},"line":12},"6":{"name":"withState","decl":{"start":{"line":22,"column":9},"end":{"line":22,"column":18}},"loc":{"start":{"line":22,"column":63},"end":{"line":47,"column":1}},"line":22},"7":{"name":"(anonymous_7)","decl":{"start":{"line":23,"column":11},"end":{"line":23,"column":12}},"loc":{"start":{"line":23,"column":29},"end":{"line":46,"column":5}},"line":23},"8":{"name":"StateManagement","decl":{"start":{"line":25,"column":17},"end":{"line":25,"column":32}},"loc":{"start":{"line":25,"column":40},"end":{"line":35,"column":9}},"line":25},"9":{"name":"(anonymous_9)","decl":{"start":{"line":27,"column":38},"end":{"line":27,"column":39}},"loc":{"start":{"line":27,"column":51},"end":{"line":30,"column":13}},"line":27},"10":{"name":"(anonymous_10)","decl":{"start":{"line":36,"column":43},"end":{"line":36,"column":44}},"loc":{"start":{"line":36,"column":55},"end":{"line":44,"column":9}},"line":36},"11":{"name":"(anonymous_11)","decl":{"start":{"line":40,"column":31},"end":{"line":40,"column":32}},"loc":{"start":{"line":40,"column":44},"end":{"line":40,"column":80}},"line":40}},"branchMap":{"0":{"loc":{"start":{"line":2,"column":16},"end":{"line":11,"column":3}},"type":"binary-expr","locations":[{"start":{"line":2,"column":16},"end":{"line":2,"column":20}},{"start":{"line":2,"column":24},"end":{"line":2,"column":38}},{"start":{"line":2,"column":42},"end":{"line":11,"column":3}}],"line":2},"1":{"loc":{"start":{"line":3,"column":24},"end":{"line":5,"column":76}},"type":"binary-expr","locations":[{"start":{"line":3,"column":24},"end":{"line":3,"column":45}},{"start":{"line":4,"column":4},"end":{"line":4,"column":38}},{"start":{"line":4,"column":42},"end":{"line":4,"column":76}},{"start":{"line":5,"column":4},"end":{"line":5,"column":76}}],"line":3},"2":{"loc":{"start":{"line":5,"column":38},"end":{"line":5,"column":75}},"type":"if","locations":[{"start":{"line":5,"column":38},"end":{"line":5,"column":75}},{"start":{"line":5,"column":38},"end":{"line":5,"column":75}}],"line":5},"3":{"loc":{"start":{"line":9,"column":22},"end":{"line":9,"column":92}},"type":"cond-expr","locations":[{"start":{"line":9,"column":35},"end":{"line":9,"column":51}},{"start":{"line":9,"column":55},"end":{"line":9,"column":91}}],"line":9},"4":{"loc":{"start":{"line":12,"column":15},"end":{"line":19,"column":1}},"type":"binary-expr","locations":[{"start":{"line":12,"column":15},"end":{"line":12,"column":19}},{"start":{"line":12,"column":23},"end":{"line":12,"column":36}},{"start":{"line":12,"column":40},"end":{"line":12,"column":53}},{"start":{"line":12,"column":57},"end":{"line":19,"column":1}}],"line":12},"5":{"loc":{"start":{"line":15,"column":25},"end":{"line":16,"column":20}},"type":"if","locations":[{"start":{"line":15,"column":25},"end":{"line":16,"column":20}},{"start":{"line":15,"column":25},"end":{"line":16,"column":20}}],"line":15},"6":{"loc":{"start":{"line":26,"column":24},"end":{"line":26,"column":56}},"type":"binary-expr","locations":[{"start":{"line":26,"column":24},"end":{"line":26,"column":48}},{"start":{"line":26,"column":52},"end":{"line":26,"column":56}}],"line":26},"7":{"loc":{"start":{"line":28,"column":28},"end":{"line":28,"column":68}},"type":"cond-expr","locations":[{"start":{"line":28,"column":50},"end":{"line":28,"column":64}},{"start":{"line":28,"column":67},"end":{"line":28,"column":68}}],"line":28}},"s":{"0":0,"1":0,"2":0,"3":0,"4":0,"5":0,"6":0,"7":0,"8":0,"9":0,"10":0,"11":0,"12":0,"13":0,"14":0,"15":0,"16":0,"17":0,"18":0,"19":0,"20":0,"21":0,"22":0,"23":0,"24":0,"25":0,"26":0,"27":0,"28":0,"29":0,"30":0,"31":0,"32":0,"33":0,"34":0,"35":0},"f":{"0":0,"1":0,"2":0,"3":0,"4":0,"5":0,"6":0,"7":0,"8":0,"9":0,"10":0,"11":0},"b":{"0":[0,0,0],"1":[0,0,0,0],"2":[0,0],"3":[0,0],"4":[0,0,0,0],"5":[0,0],"6":[0,0],"7":[0,0]}}
,"/Users/michaelcorrigan/Code/joy_kit/stories/utils/syntax.tsx": {"path":"/Users/michaelcorrigan/Code/joy_kit/stories/utils/syntax.tsx","statementMap":{"0":{"start":{"line":1,"column":13},"end":{"line":1,"column":42}},"1":{"start":{"line":1,"column":42},"end":{"line":1,"column":55}},"2":{"start":{"line":2,"column":16},"end":{"line":11,"column":3}},"3":{"start":{"line":3,"column":24},"end":{"line":5,"column":76}},"4":{"start":{"line":4,"column":59},"end":{"line":4,"column":75}},"5":{"start":{"line":5,"column":21},"end":{"line":5,"column":75}},"6":{"start":{"line":5,"column":38},"end":{"line":5,"column":75}},"7":{"start":{"line":5,"column":63},"end":{"line":5,"column":75}},"8":{"start":{"line":6,"column":4},"end":{"line":10,"column":6}},"9":{"start":{"line":7,"column":8},"end":{"line":7,"column":28}},"10":{"start":{"line":8,"column":23},"end":{"line":8,"column":44}},"11":{"start":{"line":9,"column":8},"end":{"line":9,"column":93}},"12":{"start":{"line":12,"column":0},"end":{"line":12,"column":62}},"13":{"start":{"line":13,"column":0},"end":{"line":13,"column":55}},"14":{"start":{"line":14,"column":0},"end":{"line":14,"column":69}},"15":{"start":{"line":15,"column":12},"end":{"line":15,"column":30}},"16":{"start":{"line":16,"column":0},"end":{"line":16,"column":40}},"17":{"start":{"line":17,"column":12},"end":{"line":17,"column":28}},"18":{"start":{"line":18,"column":22},"end":{"line":34,"column":18}},"19":{"start":{"line":19,"column":4},"end":{"line":19,"column":39}},"20":{"start":{"line":21,"column":8},"end":{"line":21,"column":48}},"21":{"start":{"line":23,"column":4},"end":{"line":25,"column":6}},"22":{"start":{"line":24,"column":8},"end":{"line":24,"column":29}},"23":{"start":{"line":26,"column":4},"end":{"line":28,"column":6}},"24":{"start":{"line":27,"column":8},"end":{"line":27,"column":29}},"25":{"start":{"line":29,"column":4},"end":{"line":32,"column":6}},"26":{"start":{"line":30,"column":8},"end":{"line":31,"column":107}},"27":{"start":{"line":33,"column":4},"end":{"line":33,"column":27}},"28":{"start":{"line":35,"column":0},"end":{"line":35,"column":42}}},"fnMap":{"0":{"name":"(anonymous_0)","decl":{"start":{"line":2,"column":42},"end":{"line":2,"column":43}},"loc":{"start":{"line":2,"column":54},"end":{"line":11,"column":1}},"line":2},"1":{"name":"(anonymous_1)","decl":{"start":{"line":4,"column":42},"end":{"line":4,"column":43}},"loc":{"start":{"line":4,"column":58},"end":{"line":4,"column":76}},"line":4},"2":{"name":"(anonymous_2)","decl":{"start":{"line":5,"column":4},"end":{"line":5,"column":5}},"loc":{"start":{"line":5,"column":20},"end":{"line":5,"column":76}},"line":5},"3":{"name":"(anonymous_3)","decl":{"start":{"line":6,"column":11},"end":{"line":6,"column":12}},"loc":{"start":{"line":6,"column":27},"end":{"line":10,"column":5}},"line":6},"4":{"name":"__","decl":{"start":{"line":8,"column":17},"end":{"line":8,"column":19}},"loc":{"start":{"line":8,"column":22},"end":{"line":8,"column":45}},"line":8},"5":{"name":"(anonymous_5)","decl":{"start":{"line":18,"column":22},"end":{"line":18,"column":23}},"loc":{"start":{"line":18,"column":40},"end":{"line":34,"column":1}},"line":18},"6":{"name":"SyntaxHighlight","decl":{"start":{"line":20,"column":13},"end":{"line":20,"column":28}},"loc":{"start":{"line":20,"column":36},"end":{"line":22,"column":5}},"line":20},"7":{"name":"(anonymous_7)","decl":{"start":{"line":23,"column":50},"end":{"line":23,"column":51}},"loc":{"start":{"line":23,"column":62},"end":{"line":25,"column":5}},"line":23},"8":{"name":"(anonymous_8)","decl":{"start":{"line":26,"column":51},"end":{"line":26,"column":52}},"loc":{"start":{"line":26,"column":63},"end":{"line":28,"column":5}},"line":26},"9":{"name":"(anonymous_9)","decl":{"start":{"line":29,"column":39},"end":{"line":29,"column":40}},"loc":{"start":{"line":29,"column":51},"end":{"line":32,"column":5}},"line":29}},"branchMap":{"0":{"loc":{"start":{"line":2,"column":16},"end":{"line":11,"column":3}},"type":"binary-expr","locations":[{"start":{"line":2,"column":16},"end":{"line":2,"column":20}},{"start":{"line":2,"column":24},"end":{"line":2,"column":38}},{"start":{"line":2,"column":42},"end":{"line":11,"column":3}}],"line":2},"1":{"loc":{"start":{"line":3,"column":24},"end":{"line":5,"column":76}},"type":"binary-expr","locations":[{"start":{"line":3,"column":24},"end":{"line":3,"column":45}},{"start":{"line":4,"column":4},"end":{"line":4,"column":38}},{"start":{"line":4,"column":42},"end":{"line":4,"column":76}},{"start":{"line":5,"column":4},"end":{"line":5,"column":76}}],"line":3},"2":{"loc":{"start":{"line":5,"column":38},"end":{"line":5,"column":75}},"type":"if","locations":[{"start":{"line":5,"column":38},"end":{"line":5,"column":75}},{"start":{"line":5,"column":38},"end":{"line":5,"column":75}}],"line":5},"3":{"loc":{"start":{"line":9,"column":22},"end":{"line":9,"column":92}},"type":"cond-expr","locations":[{"start":{"line":9,"column":35},"end":{"line":9,"column":51}},{"start":{"line":9,"column":55},"end":{"line":9,"column":91}}],"line":9},"4":{"loc":{"start":{"line":21,"column":15},"end":{"line":21,"column":47}},"type":"binary-expr","locations":[{"start":{"line":21,"column":15},"end":{"line":21,"column":39}},{"start":{"line":21,"column":43},"end":{"line":21,"column":47}}],"line":21}},"s":{"0":0,"1":0,"2":0,"3":0,"4":0,"5":0,"6":0,"7":0,"8":0,"9":0,"10":0,"11":0,"12":0,"13":0,"14":0,"15":0,"16":0,"17":0,"18":0,"19":0,"20":0,"21":0,"22":0,"23":0,"24":0,"25":0,"26":0,"27":0,"28":0},"f":{"0":0,"1":0,"2":0,"3":0,"4":0,"5":0,"6":0,"7":0,"8":0,"9":0},"b":{"0":[0,0,0],"1":[0,0,0,0],"2":[0,0],"3":[0,0],"4":[0,0]}}
}
